2021-05-03 00:01:12.593  INFO [hotel-service,,] 11380 --- [AsyncResolver-bootstrap-executor-0] c.n.d.s.r.aws.ConfigClusterResolver      : Resolving eureka endpoints via configuration
2021-05-03 00:06:12.616  INFO [hotel-service,,] 11380 --- [AsyncResolver-bootstrap-executor-0] c.n.d.s.r.aws.ConfigClusterResolver      : Resolving eureka endpoints via configuration
2021-05-03 00:06:47.475  INFO [hotel-service,,] 11380 --- [RMI TCP Connection(266)-127.0.0.1] inMXBeanRegistrar$SpringApplicationAdmin : Application shutdown requested.
2021-05-03 00:06:47.477  INFO [hotel-service,,] 11380 --- [RMI TCP Connection(266)-127.0.0.1] o.s.c.n.e.s.EurekaServiceRegistry        : Unregistering application HOTEL-SERVICE with eureka with status DOWN
2021-05-03 00:06:47.478  INFO [hotel-service,,] 11380 --- [RMI TCP Connection(266)-127.0.0.1] com.netflix.discovery.DiscoveryClient    : Saw local status change event StatusChangeEvent [timestamp=1619980607478, current=DOWN, previous=UP]
2021-05-03 00:06:47.478  INFO [hotel-service,,] 11380 --- [DiscoveryClient-InstanceInfoReplicator-0] com.netflix.discovery.DiscoveryClient    : DiscoveryClient_HOTEL-SERVICE/localhost:hotel-service:8091: registering service...
2021-05-03 00:06:47.487  INFO [hotel-service,,] 11380 --- [DiscoveryClient-InstanceInfoReplicator-0] com.netflix.discovery.DiscoveryClient    : DiscoveryClient_HOTEL-SERVICE/localhost:hotel-service:8091 - registration status: 204
2021-05-03 00:06:47.573  INFO [hotel-service,,] 11380 --- [RMI TCP Connection(266)-127.0.0.1] o.s.s.concurrent.ThreadPoolTaskExecutor  : Shutting down ExecutorService 'applicationTaskExecutor'
2021-05-03 00:06:47.575  INFO [hotel-service,,] 11380 --- [RMI TCP Connection(266)-127.0.0.1] j.LocalContainerEntityManagerFactoryBean : Closing JPA EntityManagerFactory for persistence unit 'default'
2021-05-03 00:06:47.576  INFO [hotel-service,,] 11380 --- [RMI TCP Connection(266)-127.0.0.1] com.zaxxer.hikari.HikariDataSource       : HikariPool-3 - Shutdown initiated...
2021-05-03 00:06:47.579  INFO [hotel-service,,] 11380 --- [RMI TCP Connection(266)-127.0.0.1] com.zaxxer.hikari.HikariDataSource       : HikariPool-3 - Shutdown completed.
2021-05-03 00:06:48.592  INFO [hotel-service,,] 11380 --- [RMI TCP Connection(266)-127.0.0.1] com.netflix.discovery.DiscoveryClient    : Shutting down DiscoveryClient ...
2021-05-03 00:06:51.609  INFO [hotel-service,,] 11380 --- [RMI TCP Connection(266)-127.0.0.1] com.netflix.discovery.DiscoveryClient    : Unregistering ...
2021-05-03 00:06:51.623  INFO [hotel-service,,] 11380 --- [RMI TCP Connection(266)-127.0.0.1] com.netflix.discovery.DiscoveryClient    : DiscoveryClient_HOTEL-SERVICE/localhost:hotel-service:8091 - deregister  status: 200
2021-05-03 00:06:51.626  INFO [hotel-service,,] 11380 --- [RMI TCP Connection(266)-127.0.0.1] com.netflix.discovery.DiscoveryClient    : Completed shut down of DiscoveryClient
2021-05-03 00:08:47.307  INFO [hotel-service,,] 12844 --- [restartedMain] c.koushik.hotel.HotelserviceApplication  : Starting HotelserviceApplication using Java 1.8.0_281 on EPINHYDW07A3 with PID 12844 (C:\Programming\hotel-reservation-system\hotel-service\target\classes started by Saikoushik_Addanki in C:\Programming\hotel-reservation-system\hotel-service)
2021-05-03 00:08:47.309  INFO [hotel-service,,] 12844 --- [restartedMain] c.koushik.hotel.HotelserviceApplication  : No active profile set, falling back to default profiles: default
2021-05-03 00:08:47.353  INFO [hotel-service,,] 12844 --- [restartedMain] .e.DevToolsPropertyDefaultsPostProcessor : Devtools property defaults active! Set 'spring.devtools.add-properties' to 'false' to disable
2021-05-03 00:08:47.353  INFO [hotel-service,,] 12844 --- [restartedMain] .e.DevToolsPropertyDefaultsPostProcessor : For additional web related logging consider setting the 'logging.level.web' property to 'DEBUG'
2021-05-03 00:08:48.751  INFO [hotel-service,,] 12844 --- [restartedMain] .s.d.r.c.RepositoryConfigurationDelegate : Bootstrapping Spring Data JPA repositories in DEFAULT mode.
2021-05-03 00:08:48.941  INFO [hotel-service,,] 12844 --- [restartedMain] .s.d.r.c.RepositoryConfigurationDelegate : Finished Spring Data repository scanning in 180 ms. Found 1 JPA repository interfaces.
2021-05-03 00:08:49.390  INFO [hotel-service,,] 12844 --- [restartedMain] o.s.cloud.context.scope.GenericScope     : BeanFactory id=13755345-9622-38a8-abec-e680f11a16be
2021-05-03 00:08:50.417  INFO [hotel-service,,] 12844 --- [restartedMain] o.s.b.w.embedded.tomcat.TomcatWebServer  : Tomcat initialized with port(s): 8091 (http)
2021-05-03 00:08:50.426  INFO [hotel-service,,] 12844 --- [restartedMain] o.apache.catalina.core.StandardService   : Starting service [Tomcat]
2021-05-03 00:08:50.427  INFO [hotel-service,,] 12844 --- [restartedMain] org.apache.catalina.core.StandardEngine  : Starting Servlet engine: [Apache Tomcat/9.0.45]
2021-05-03 00:08:50.566  INFO [hotel-service,,] 12844 --- [restartedMain] o.a.c.c.C.[Tomcat].[localhost].[/]       : Initializing Spring embedded WebApplicationContext
2021-05-03 00:08:50.566  INFO [hotel-service,,] 12844 --- [restartedMain] w.s.c.ServletWebServerApplicationContext : Root WebApplicationContext: initialization completed in 3212 ms
2021-05-03 00:08:52.624  INFO [hotel-service,,] 12844 --- [restartedMain] o.hibernate.jpa.internal.util.LogHelper  : HHH000204: Processing PersistenceUnitInfo [name: default]
2021-05-03 00:08:52.677  INFO [hotel-service,,] 12844 --- [restartedMain] org.hibernate.Version                    : HHH000412: Hibernate ORM core version 5.4.30.Final
2021-05-03 00:08:52.799  INFO [hotel-service,,] 12844 --- [restartedMain] o.hibernate.annotations.common.Version   : HCANN000001: Hibernate Commons Annotations {5.1.2.Final}
2021-05-03 00:08:52.896  INFO [hotel-service,,] 12844 --- [restartedMain] com.zaxxer.hikari.HikariDataSource       : HikariPool-1 - Starting...
2021-05-03 00:08:52.900  WARN [hotel-service,,] 12844 --- [restartedMain] com.zaxxer.hikari.util.DriverDataSource  : Registered driver with driverClassName=com.mysql.jdbc.Driver was not found, trying direct instantiation.
2021-05-03 00:08:53.561  INFO [hotel-service,,] 12844 --- [restartedMain] com.zaxxer.hikari.HikariDataSource       : HikariPool-1 - Start completed.
2021-05-03 00:08:53.582  INFO [hotel-service,,] 12844 --- [restartedMain] org.hibernate.dialect.Dialect            : HHH000400: Using dialect: org.hibernate.dialect.MySQL8Dialect
2021-05-03 00:08:54.399  INFO [hotel-service,,] 12844 --- [restartedMain] o.h.e.t.j.p.i.JtaPlatformInitiator       : HHH000490: Using JtaPlatform implementation: [org.hibernate.engine.transaction.jta.platform.internal.NoJtaPlatform]
2021-05-03 00:08:54.409  INFO [hotel-service,,] 12844 --- [restartedMain] j.LocalContainerEntityManagerFactoryBean : Initialized JPA EntityManagerFactory for persistence unit 'default'
2021-05-03 00:08:54.510  WARN [hotel-service,,] 12844 --- [restartedMain] o.s.b.d.a.OptionalLiveReloadServer       : Unable to start LiveReload server
2021-05-03 00:08:55.366  WARN [hotel-service,,] 12844 --- [restartedMain] JpaBaseConfiguration$JpaWebConfiguration : spring.jpa.open-in-view is enabled by default. Therefore, database queries may be performed during view rendering. Explicitly configure spring.jpa.open-in-view to disable this warning
2021-05-03 00:08:55.613  INFO [hotel-service,,] 12844 --- [restartedMain] o.s.b.a.e.web.EndpointLinksResolver      : Exposing 2 endpoint(s) beneath base path '/actuator'
2021-05-03 00:08:55.805  INFO [hotel-service,,] 12844 --- [restartedMain] pertySourcedRequestMappingHandlerMapping : Mapped URL path [/v2/api-docs] onto method [springfox.documentation.swagger2.web.Swagger2Controller#getDocumentation(String, HttpServletRequest)]
2021-05-03 00:08:56.091  INFO [hotel-service,,] 12844 --- [restartedMain] o.s.s.concurrent.ThreadPoolTaskExecutor  : Initializing ExecutorService 'applicationTaskExecutor'
2021-05-03 00:08:57.161  INFO [hotel-service,,] 12844 --- [restartedMain] DiscoveryClientOptionalArgsConfiguration : Eureka HTTP Client uses RestTemplate.
2021-05-03 00:08:57.551  WARN [hotel-service,,] 12844 --- [restartedMain] iguration$LoadBalancerCaffeineWarnLogger : Spring Cloud LoadBalancer is currently working with the default cache. You can switch to using Caffeine cache, by adding it and org.springframework.cache.caffeine.CaffeineCacheManager to the classpath.
2021-05-03 00:08:57.720  INFO [hotel-service,,] 12844 --- [restartedMain] o.s.c.n.eureka.InstanceInfoFactory       : Setting initial instance status as: STARTING
2021-05-03 00:08:57.755  INFO [hotel-service,,] 12844 --- [restartedMain] com.netflix.discovery.DiscoveryClient    : Initializing Eureka in region us-east-1
2021-05-03 00:08:57.760  INFO [hotel-service,,] 12844 --- [restartedMain] c.n.d.s.r.aws.ConfigClusterResolver      : Resolving eureka endpoints via configuration
2021-05-03 00:08:57.897  INFO [hotel-service,,] 12844 --- [restartedMain] com.netflix.discovery.DiscoveryClient    : Disable delta property : false
2021-05-03 00:08:57.898  INFO [hotel-service,,] 12844 --- [restartedMain] com.netflix.discovery.DiscoveryClient    : Single vip registry refresh property : null
2021-05-03 00:08:57.898  INFO [hotel-service,,] 12844 --- [restartedMain] com.netflix.discovery.DiscoveryClient    : Force full registry fetch : false
2021-05-03 00:08:57.898  INFO [hotel-service,,] 12844 --- [restartedMain] com.netflix.discovery.DiscoveryClient    : Application is null : false
2021-05-03 00:08:57.898  INFO [hotel-service,,] 12844 --- [restartedMain] com.netflix.discovery.DiscoveryClient    : Registered Applications size is zero : true
2021-05-03 00:08:57.899  INFO [hotel-service,,] 12844 --- [restartedMain] com.netflix.discovery.DiscoveryClient    : Application version is -1: true
2021-05-03 00:08:57.899  INFO [hotel-service,,] 12844 --- [restartedMain] com.netflix.discovery.DiscoveryClient    : Getting all instance registry info from the eureka server
2021-05-03 00:08:58.303  INFO [hotel-service,,] 12844 --- [restartedMain] com.netflix.discovery.DiscoveryClient    : The response status is 200
2021-05-03 00:08:58.305  INFO [hotel-service,,] 12844 --- [restartedMain] com.netflix.discovery.DiscoveryClient    : Starting heartbeat executor: renew interval is: 30
2021-05-03 00:08:58.308  INFO [hotel-service,,] 12844 --- [restartedMain] c.n.discovery.InstanceInfoReplicator     : InstanceInfoReplicator onDemand update allowed rate per min is 4
2021-05-03 00:08:58.313  INFO [hotel-service,,] 12844 --- [restartedMain] com.netflix.discovery.DiscoveryClient    : Discovery Client initialized at timestamp 1619980738312 with initial instances count: 0
2021-05-03 00:08:58.336  INFO [hotel-service,,] 12844 --- [restartedMain] o.s.c.n.e.s.EurekaServiceRegistry        : Registering application HOTEL-SERVICE with eureka with status UP
2021-05-03 00:08:58.337  INFO [hotel-service,,] 12844 --- [restartedMain] com.netflix.discovery.DiscoveryClient    : Saw local status change event StatusChangeEvent [timestamp=1619980738337, current=UP, previous=STARTING]
2021-05-03 00:08:58.342  INFO [hotel-service,,] 12844 --- [DiscoveryClient-InstanceInfoReplicator-0] com.netflix.discovery.DiscoveryClient    : DiscoveryClient_HOTEL-SERVICE/EPINHYDW07A3.princeton.epam.com:hotel-service:8091: registering service...
2021-05-03 00:08:58.367  INFO [hotel-service,,] 12844 --- [restartedMain] o.s.b.w.embedded.tomcat.TomcatWebServer  : Tomcat started on port(s): 8091 (http) with context path ''
2021-05-03 00:08:58.368  INFO [hotel-service,,] 12844 --- [restartedMain] .s.c.n.e.s.EurekaAutoServiceRegistration : Updating port to 8091
2021-05-03 00:08:58.481  INFO [hotel-service,,] 12844 --- [DiscoveryClient-InstanceInfoReplicator-0] com.netflix.discovery.DiscoveryClient    : DiscoveryClient_HOTEL-SERVICE/EPINHYDW07A3.princeton.epam.com:hotel-service:8091 - registration status: 204
2021-05-03 00:08:58.562  INFO [hotel-service,,] 12844 --- [restartedMain] d.s.w.p.DocumentationPluginsBootstrapper : Context refreshed
2021-05-03 00:08:58.587  INFO [hotel-service,,] 12844 --- [restartedMain] d.s.w.p.DocumentationPluginsBootstrapper : Found 1 custom documentation plugin(s)
2021-05-03 00:08:58.631  INFO [hotel-service,,] 12844 --- [restartedMain] s.d.s.w.s.ApiListingReferenceScanner     : Scanning for api listing references
2021-05-03 00:08:58.787  INFO [hotel-service,,] 12844 --- [restartedMain] .d.s.w.r.o.CachingOperationNameGenerator : Generating unique operation named: handleUsingGET_1
2021-05-03 00:08:58.789  INFO [hotel-service,,] 12844 --- [restartedMain] .d.s.w.r.o.CachingOperationNameGenerator : Generating unique operation named: handleUsingGET_2
2021-05-03 00:08:58.836  INFO [hotel-service,,] 12844 --- [restartedMain] c.koushik.hotel.HotelserviceApplication  : Started HotelserviceApplication in 12.081 seconds (JVM running for 13.125)
2021-05-03 00:08:59.124  INFO [hotel-service,,] 12844 --- [RMI TCP Connection(3)-127.0.0.1] o.a.c.c.C.[Tomcat].[localhost].[/]       : Initializing Spring DispatcherServlet 'dispatcherServlet'
2021-05-03 00:08:59.125  INFO [hotel-service,,] 12844 --- [RMI TCP Connection(3)-127.0.0.1] o.s.web.servlet.DispatcherServlet        : Initializing Servlet 'dispatcherServlet'
2021-05-03 00:08:59.127  INFO [hotel-service,,] 12844 --- [RMI TCP Connection(3)-127.0.0.1] o.s.web.servlet.DispatcherServlet        : Completed initialization in 2 ms
2021-05-03 00:09:28.315  INFO [hotel-service,,] 12844 --- [DiscoveryClient-CacheRefreshExecutor-0] com.netflix.discovery.DiscoveryClient    : Disable delta property : false
2021-05-03 00:09:28.316  INFO [hotel-service,,] 12844 --- [DiscoveryClient-CacheRefreshExecutor-0] com.netflix.discovery.DiscoveryClient    : Single vip registry refresh property : null
2021-05-03 00:09:28.316  INFO [hotel-service,,] 12844 --- [DiscoveryClient-CacheRefreshExecutor-0] com.netflix.discovery.DiscoveryClient    : Force full registry fetch : false
2021-05-03 00:09:28.317  INFO [hotel-service,,] 12844 --- [DiscoveryClient-CacheRefreshExecutor-0] com.netflix.discovery.DiscoveryClient    : Application is null : false
2021-05-03 00:09:28.317  INFO [hotel-service,,] 12844 --- [DiscoveryClient-CacheRefreshExecutor-0] com.netflix.discovery.DiscoveryClient    : Registered Applications size is zero : true
2021-05-03 00:09:28.317  INFO [hotel-service,,] 12844 --- [DiscoveryClient-CacheRefreshExecutor-0] com.netflix.discovery.DiscoveryClient    : Application version is -1: false
2021-05-03 00:09:28.317  INFO [hotel-service,,] 12844 --- [DiscoveryClient-CacheRefreshExecutor-0] com.netflix.discovery.DiscoveryClient    : Getting all instance registry info from the eureka server
2021-05-03 00:09:28.342  INFO [hotel-service,,] 12844 --- [DiscoveryClient-CacheRefreshExecutor-0] com.netflix.discovery.DiscoveryClient    : The response status is 200
2021-05-03 00:13:57.908  INFO [hotel-service,,] 12844 --- [AsyncResolver-bootstrap-executor-0] c.n.d.s.r.aws.ConfigClusterResolver      : Resolving eureka endpoints via configuration
2021-05-03 00:15:23.706  INFO [hotel-service,b375eeb3aea7c223,68803a9a54d00dad] 12844 --- [http-nio-8091-exec-1] c.k.hotel.controller.HotelController     : START::get Hotel Details method
2021-05-03 00:15:23.706  INFO [hotel-service,b375eeb3aea7c223,68803a9a54d00dad] 12844 --- [http-nio-8091-exec-1] com.koushik.hotel.service.HotelService   : START::get Hotel Record method
2021-05-03 00:15:23.755  INFO [hotel-service,b375eeb3aea7c223,68803a9a54d00dad] 12844 --- [http-nio-8091-exec-1] com.koushik.hotel.service.HotelService   : END::get Hotel Record method
2021-05-03 00:15:23.755  INFO [hotel-service,b375eeb3aea7c223,68803a9a54d00dad] 12844 --- [http-nio-8091-exec-1] c.k.hotel.controller.HotelController     : END::get Hotel Details method
2021-05-03 00:17:13.680  INFO [hotel-service,f11aa3458a5f9c54,2e9f814303e0ebcb] 12844 --- [http-nio-8091-exec-3] c.k.hotel.controller.HotelController     : START::get Hotel Details method
2021-05-03 00:17:13.681  INFO [hotel-service,f11aa3458a5f9c54,2e9f814303e0ebcb] 12844 --- [http-nio-8091-exec-3] com.koushik.hotel.service.HotelService   : START::get Hotel Record method
2021-05-03 00:17:13.684  INFO [hotel-service,f11aa3458a5f9c54,2e9f814303e0ebcb] 12844 --- [http-nio-8091-exec-3] com.koushik.hotel.service.HotelService   : END::get Hotel Record method
2021-05-03 00:17:13.684  INFO [hotel-service,f11aa3458a5f9c54,2e9f814303e0ebcb] 12844 --- [http-nio-8091-exec-3] c.k.hotel.controller.HotelController     : END::get Hotel Details method
2021-05-03 00:18:57.916  INFO [hotel-service,,] 12844 --- [AsyncResolver-bootstrap-executor-0] c.n.d.s.r.aws.ConfigClusterResolver      : Resolving eureka endpoints via configuration
2021-05-03 00:23:57.923  INFO [hotel-service,,] 12844 --- [AsyncResolver-bootstrap-executor-0] c.n.d.s.r.aws.ConfigClusterResolver      : Resolving eureka endpoints via configuration
2021-05-03 00:28:57.933  INFO [hotel-service,,] 12844 --- [AsyncResolver-bootstrap-executor-0] c.n.d.s.r.aws.ConfigClusterResolver      : Resolving eureka endpoints via configuration
2021-05-03 00:32:04.451  INFO [hotel-service,,] 12844 --- [Thread-3] o.s.c.n.e.s.EurekaServiceRegistry        : Unregistering application HOTEL-SERVICE with eureka with status DOWN
2021-05-03 00:32:04.451  INFO [hotel-service,,] 12844 --- [Thread-3] com.netflix.discovery.DiscoveryClient    : Saw local status change event StatusChangeEvent [timestamp=1619982124451, current=DOWN, previous=UP]
2021-05-03 00:32:04.451  INFO [hotel-service,,] 12844 --- [DiscoveryClient-InstanceInfoReplicator-0] com.netflix.discovery.DiscoveryClient    : DiscoveryClient_HOTEL-SERVICE/EPINHYDW07A3.princeton.epam.com:hotel-service:8091: registering service...
2021-05-03 00:32:04.465  INFO [hotel-service,,] 12844 --- [DiscoveryClient-InstanceInfoReplicator-0] com.netflix.discovery.DiscoveryClient    : DiscoveryClient_HOTEL-SERVICE/EPINHYDW07A3.princeton.epam.com:hotel-service:8091 - registration status: 204
2021-05-03 00:32:04.553  INFO [hotel-service,,] 12844 --- [Thread-3] o.s.s.concurrent.ThreadPoolTaskExecutor  : Shutting down ExecutorService 'applicationTaskExecutor'
2021-05-03 00:32:04.558  INFO [hotel-service,,] 12844 --- [Thread-3] j.LocalContainerEntityManagerFactoryBean : Closing JPA EntityManagerFactory for persistence unit 'default'
2021-05-03 00:32:04.564  INFO [hotel-service,,] 12844 --- [Thread-3] com.zaxxer.hikari.HikariDataSource       : HikariPool-1 - Shutdown initiated...
2021-05-03 00:32:04.571  INFO [hotel-service,,] 12844 --- [Thread-3] com.zaxxer.hikari.HikariDataSource       : HikariPool-1 - Shutdown completed.
2021-05-03 00:32:04.767  INFO [hotel-service,,] 12844 --- [Thread-3] com.netflix.discovery.DiscoveryClient    : Shutting down DiscoveryClient ...
2021-05-03 00:32:07.779  INFO [hotel-service,,] 12844 --- [Thread-3] com.netflix.discovery.DiscoveryClient    : Unregistering ...
2021-05-03 00:32:07.795  INFO [hotel-service,,] 12844 --- [Thread-3] com.netflix.discovery.DiscoveryClient    : DiscoveryClient_HOTEL-SERVICE/EPINHYDW07A3.princeton.epam.com:hotel-service:8091 - deregister  status: 200
2021-05-03 00:32:07.799  INFO [hotel-service,,] 12844 --- [Thread-3] com.netflix.discovery.DiscoveryClient    : Completed shut down of DiscoveryClient
2021-05-03 00:32:13.026  INFO [hotel-service,,] 12844 --- [restartedMain] c.koushik.hotel.HotelserviceApplication  : Starting HotelserviceApplication using Java 1.8.0_281 on EPINHYDW07A3 with PID 12844 (C:\Programming\hotel-reservation-system\hotel-service\target\classes started by Saikoushik_Addanki in C:\Programming\hotel-reservation-system\hotel-service)
2021-05-03 00:32:13.026  INFO [hotel-service,,] 12844 --- [restartedMain] c.koushik.hotel.HotelserviceApplication  : No active profile set, falling back to default profiles: default
2021-05-03 00:32:13.438  INFO [hotel-service,,] 12844 --- [restartedMain] .s.d.r.c.RepositoryConfigurationDelegate : Bootstrapping Spring Data JPA repositories in DEFAULT mode.
2021-05-03 00:32:13.451  INFO [hotel-service,,] 12844 --- [restartedMain] .s.d.r.c.RepositoryConfigurationDelegate : Finished Spring Data repository scanning in 12 ms. Found 1 JPA repository interfaces.
2021-05-03 00:32:13.550  INFO [hotel-service,,] 12844 --- [restartedMain] o.s.cloud.context.scope.GenericScope     : BeanFactory id=13755345-9622-38a8-abec-e680f11a16be
2021-05-03 00:32:13.756  INFO [hotel-service,,] 12844 --- [restartedMain] o.s.b.w.embedded.tomcat.TomcatWebServer  : Tomcat initialized with port(s): 8091 (http)
2021-05-03 00:32:13.756  INFO [hotel-service,,] 12844 --- [restartedMain] o.apache.catalina.core.StandardService   : Starting service [Tomcat]
2021-05-03 00:32:13.757  INFO [hotel-service,,] 12844 --- [restartedMain] org.apache.catalina.core.StandardEngine  : Starting Servlet engine: [Apache Tomcat/9.0.45]
2021-05-03 00:32:13.776  INFO [hotel-service,,] 12844 --- [restartedMain] o.a.c.c.C.[Tomcat-1].[localhost].[/]     : Initializing Spring embedded WebApplicationContext
2021-05-03 00:32:13.776  INFO [hotel-service,,] 12844 --- [restartedMain] w.s.c.ServletWebServerApplicationContext : Root WebApplicationContext: initialization completed in 748 ms
2021-05-03 00:32:14.951  INFO [hotel-service,,] 12844 --- [restartedMain] o.hibernate.jpa.internal.util.LogHelper  : HHH000204: Processing PersistenceUnitInfo [name: default]
2021-05-03 00:32:14.956  INFO [hotel-service,,] 12844 --- [restartedMain] com.zaxxer.hikari.HikariDataSource       : HikariPool-2 - Starting...
2021-05-03 00:32:14.956  WARN [hotel-service,,] 12844 --- [restartedMain] com.zaxxer.hikari.util.DriverDataSource  : Registered driver with driverClassName=com.mysql.jdbc.Driver was not found, trying direct instantiation.
2021-05-03 00:32:14.969  INFO [hotel-service,,] 12844 --- [restartedMain] com.zaxxer.hikari.HikariDataSource       : HikariPool-2 - Start completed.
2021-05-03 00:32:14.970  INFO [hotel-service,,] 12844 --- [restartedMain] org.hibernate.dialect.Dialect            : HHH000400: Using dialect: org.hibernate.dialect.MySQL8Dialect
2021-05-03 00:32:15.019  INFO [hotel-service,,] 12844 --- [restartedMain] o.h.e.t.j.p.i.JtaPlatformInitiator       : HHH000490: Using JtaPlatform implementation: [org.hibernate.engine.transaction.jta.platform.internal.NoJtaPlatform]
2021-05-03 00:32:15.020  INFO [hotel-service,,] 12844 --- [restartedMain] j.LocalContainerEntityManagerFactoryBean : Initialized JPA EntityManagerFactory for persistence unit 'default'
2021-05-03 00:32:15.075  WARN [hotel-service,,] 12844 --- [restartedMain] o.s.b.d.a.OptionalLiveReloadServer       : Unable to start LiveReload server
2021-05-03 00:32:15.523  WARN [hotel-service,,] 12844 --- [restartedMain] JpaBaseConfiguration$JpaWebConfiguration : spring.jpa.open-in-view is enabled by default. Therefore, database queries may be performed during view rendering. Explicitly configure spring.jpa.open-in-view to disable this warning
2021-05-03 00:32:15.655  INFO [hotel-service,,] 12844 --- [restartedMain] o.s.b.a.e.web.EndpointLinksResolver      : Exposing 2 endpoint(s) beneath base path '/actuator'
2021-05-03 00:32:15.773  INFO [hotel-service,,] 12844 --- [restartedMain] pertySourcedRequestMappingHandlerMapping : Mapped URL path [/v2/api-docs] onto method [springfox.documentation.swagger2.web.Swagger2Controller#getDocumentation(String, HttpServletRequest)]
2021-05-03 00:32:15.945  INFO [hotel-service,,] 12844 --- [restartedMain] o.s.s.concurrent.ThreadPoolTaskExecutor  : Initializing ExecutorService 'applicationTaskExecutor'
2021-05-03 00:32:16.548  INFO [hotel-service,,] 12844 --- [restartedMain] DiscoveryClientOptionalArgsConfiguration : Eureka HTTP Client uses RestTemplate.
2021-05-03 00:32:16.820  WARN [hotel-service,,] 12844 --- [restartedMain] iguration$LoadBalancerCaffeineWarnLogger : Spring Cloud LoadBalancer is currently working with the default cache. You can switch to using Caffeine cache, by adding it and org.springframework.cache.caffeine.CaffeineCacheManager to the classpath.
2021-05-03 00:32:16.913  INFO [hotel-service,,] 12844 --- [restartedMain] o.s.c.n.eureka.InstanceInfoFactory       : Setting initial instance status as: STARTING
2021-05-03 00:32:16.917  INFO [hotel-service,,] 12844 --- [restartedMain] com.netflix.discovery.DiscoveryClient    : Initializing Eureka in region us-east-1
2021-05-03 00:32:16.918  INFO [hotel-service,,] 12844 --- [restartedMain] c.n.d.s.r.aws.ConfigClusterResolver      : Resolving eureka endpoints via configuration
2021-05-03 00:32:16.918  INFO [hotel-service,,] 12844 --- [restartedMain] com.netflix.discovery.DiscoveryClient    : Disable delta property : false
2021-05-03 00:32:16.919  INFO [hotel-service,,] 12844 --- [restartedMain] com.netflix.discovery.DiscoveryClient    : Single vip registry refresh property : null
2021-05-03 00:32:16.919  INFO [hotel-service,,] 12844 --- [restartedMain] com.netflix.discovery.DiscoveryClient    : Force full registry fetch : false
2021-05-03 00:32:16.919  INFO [hotel-service,,] 12844 --- [restartedMain] com.netflix.discovery.DiscoveryClient    : Application is null : false
2021-05-03 00:32:16.919  INFO [hotel-service,,] 12844 --- [restartedMain] com.netflix.discovery.DiscoveryClient    : Registered Applications size is zero : true
2021-05-03 00:32:16.919  INFO [hotel-service,,] 12844 --- [restartedMain] com.netflix.discovery.DiscoveryClient    : Application version is -1: true
2021-05-03 00:32:16.919  INFO [hotel-service,,] 12844 --- [restartedMain] com.netflix.discovery.DiscoveryClient    : Getting all instance registry info from the eureka server
2021-05-03 00:32:16.931  INFO [hotel-service,,] 12844 --- [restartedMain] com.netflix.discovery.DiscoveryClient    : The response status is 200
2021-05-03 00:32:16.932  INFO [hotel-service,,] 12844 --- [restartedMain] com.netflix.discovery.DiscoveryClient    : Starting heartbeat executor: renew interval is: 30
2021-05-03 00:32:16.933  INFO [hotel-service,,] 12844 --- [restartedMain] c.n.discovery.InstanceInfoReplicator     : InstanceInfoReplicator onDemand update allowed rate per min is 4
2021-05-03 00:32:16.933  INFO [hotel-service,,] 12844 --- [restartedMain] com.netflix.discovery.DiscoveryClient    : Discovery Client initialized at timestamp 1619982136933 with initial instances count: 2
2021-05-03 00:32:16.948  INFO [hotel-service,,] 12844 --- [restartedMain] o.s.c.n.e.s.EurekaServiceRegistry        : Registering application HOTEL-SERVICE with eureka with status UP
2021-05-03 00:32:16.949  INFO [hotel-service,,] 12844 --- [restartedMain] com.netflix.discovery.DiscoveryClient    : Saw local status change event StatusChangeEvent [timestamp=1619982136949, current=UP, previous=STARTING]
2021-05-03 00:32:16.949  INFO [hotel-service,,] 12844 --- [DiscoveryClient-InstanceInfoReplicator-0] com.netflix.discovery.DiscoveryClient    : DiscoveryClient_HOTEL-SERVICE/EPINHYDW07A3.princeton.epam.com:hotel-service:8091: registering service...
2021-05-03 00:32:16.952  INFO [hotel-service,,] 12844 --- [restartedMain] o.s.b.w.embedded.tomcat.TomcatWebServer  : Tomcat started on port(s): 8091 (http) with context path ''
2021-05-03 00:32:16.953  INFO [hotel-service,,] 12844 --- [restartedMain] .s.c.n.e.s.EurekaAutoServiceRegistration : Updating port to 8091
2021-05-03 00:32:16.958  INFO [hotel-service,,] 12844 --- [DiscoveryClient-InstanceInfoReplicator-0] com.netflix.discovery.DiscoveryClient    : DiscoveryClient_HOTEL-SERVICE/EPINHYDW07A3.princeton.epam.com:hotel-service:8091 - registration status: 204
2021-05-03 00:32:17.066  INFO [hotel-service,,] 12844 --- [restartedMain] d.s.w.p.DocumentationPluginsBootstrapper : Context refreshed
2021-05-03 00:32:17.067  INFO [hotel-service,,] 12844 --- [restartedMain] d.s.w.p.DocumentationPluginsBootstrapper : Found 1 custom documentation plugin(s)
2021-05-03 00:32:17.072  INFO [hotel-service,,] 12844 --- [restartedMain] s.d.s.w.s.ApiListingReferenceScanner     : Scanning for api listing references
2021-05-03 00:32:17.106  INFO [hotel-service,,] 12844 --- [restartedMain] .d.s.w.r.o.CachingOperationNameGenerator : Generating unique operation named: handleUsingGET_1
2021-05-03 00:32:17.107  INFO [hotel-service,,] 12844 --- [restartedMain] .d.s.w.r.o.CachingOperationNameGenerator : Generating unique operation named: handleUsingGET_2
2021-05-03 00:32:17.125  INFO [hotel-service,,] 12844 --- [restartedMain] c.koushik.hotel.HotelserviceApplication  : Started HotelserviceApplication in 4.239 seconds (JVM running for 1411.408)
2021-05-03 00:32:17.128  INFO [hotel-service,,] 12844 --- [restartedMain] .ConditionEvaluationDeltaLoggingListener : Condition evaluation unchanged
2021-05-03 00:37:16.928  INFO [hotel-service,,] 12844 --- [AsyncResolver-bootstrap-executor-0] c.n.d.s.r.aws.ConfigClusterResolver      : Resolving eureka endpoints via configuration
2021-05-03 04:31:54.349  WARN [hotel-service,,] 12844 --- [HikariPool-2 housekeeper] com.zaxxer.hikari.pool.HikariPool        : HikariPool-2 - Thread starvation or clock leap detected (housekeeper delta=3h52m9s120ms697µs300ns).
2021-05-03 04:33:57.172  INFO [hotel-service,,] 12844 --- [AsyncResolver-bootstrap-executor-0] c.n.d.s.r.aws.ConfigClusterResolver      : Resolving eureka endpoints via configuration
2021-05-03 09:42:57.400  WARN [hotel-service,,] 12844 --- [HikariPool-2 housekeeper] com.zaxxer.hikari.pool.HikariPool        : HikariPool-2 - Thread starvation or clock leap detected (housekeeper delta=5h8m917ms997µs900ns).
2021-05-03 09:46:29.023  INFO [hotel-service,,] 12844 --- [AsyncResolver-bootstrap-executor-0] c.n.d.s.r.aws.ConfigClusterResolver      : Resolving eureka endpoints via configuration
2021-05-03 09:51:29.033  INFO [hotel-service,,] 12844 --- [AsyncResolver-bootstrap-executor-0] c.n.d.s.r.aws.ConfigClusterResolver      : Resolving eureka endpoints via configuration
2021-05-03 09:56:28.994  INFO [hotel-service,,] 12844 --- [AsyncResolver-bootstrap-executor-0] c.n.d.s.r.aws.ConfigClusterResolver      : Resolving eureka endpoints via configuration
2021-05-03 10:01:00.005  INFO [hotel-service,,] 12844 --- [http-nio-8091-exec-1] o.a.c.c.C.[Tomcat-1].[localhost].[/]     : Initializing Spring DispatcherServlet 'dispatcherServlet'
2021-05-03 10:01:00.005  INFO [hotel-service,,] 12844 --- [http-nio-8091-exec-1] o.s.web.servlet.DispatcherServlet        : Initializing Servlet 'dispatcherServlet'
2021-05-03 10:01:00.007  INFO [hotel-service,,] 12844 --- [http-nio-8091-exec-1] o.s.web.servlet.DispatcherServlet        : Completed initialization in 2 ms
2021-05-03 10:01:00.008  INFO [hotel-service,996c464dfce9ad0c,30bea3f30c6ad5be] 12844 --- [http-nio-8091-exec-1] c.k.hotel.controller.HotelController     : START::get Hotel Details method
2021-05-03 10:01:00.009  INFO [hotel-service,996c464dfce9ad0c,30bea3f30c6ad5be] 12844 --- [http-nio-8091-exec-1] com.koushik.hotel.service.HotelService   : START::get Hotel Record method
2021-05-03 10:01:00.014  INFO [hotel-service,996c464dfce9ad0c,30bea3f30c6ad5be] 12844 --- [http-nio-8091-exec-1] com.koushik.hotel.service.HotelService   : END::get Hotel Record method
2021-05-03 10:01:00.014  INFO [hotel-service,996c464dfce9ad0c,30bea3f30c6ad5be] 12844 --- [http-nio-8091-exec-1] c.k.hotel.controller.HotelController     : END::get Hotel Details method
2021-05-03 10:01:29.003  INFO [hotel-service,,] 12844 --- [AsyncResolver-bootstrap-executor-0] c.n.d.s.r.aws.ConfigClusterResolver      : Resolving eureka endpoints via configuration
2021-05-03 10:06:29.026  INFO [hotel-service,,] 12844 --- [AsyncResolver-bootstrap-executor-0] c.n.d.s.r.aws.ConfigClusterResolver      : Resolving eureka endpoints via configuration
2021-05-03 10:06:53.525  INFO [hotel-service,,] 12844 --- [Thread-11] o.s.c.n.e.s.EurekaServiceRegistry        : Unregistering application HOTEL-SERVICE with eureka with status DOWN
2021-05-03 10:06:53.525  INFO [hotel-service,,] 12844 --- [Thread-11] com.netflix.discovery.DiscoveryClient    : Saw local status change event StatusChangeEvent [timestamp=1620016613525, current=DOWN, previous=UP]
2021-05-03 10:06:53.525  INFO [hotel-service,,] 12844 --- [DiscoveryClient-InstanceInfoReplicator-0] com.netflix.discovery.DiscoveryClient    : DiscoveryClient_HOTEL-SERVICE/EPINHYDW07A3.princeton.epam.com:hotel-service:8091: registering service...
2021-05-03 10:06:53.535  INFO [hotel-service,,] 12844 --- [DiscoveryClient-InstanceInfoReplicator-0] com.netflix.discovery.DiscoveryClient    : DiscoveryClient_HOTEL-SERVICE/EPINHYDW07A3.princeton.epam.com:hotel-service:8091 - registration status: 204
2021-05-03 10:06:53.633  INFO [hotel-service,,] 12844 --- [Thread-11] o.s.s.concurrent.ThreadPoolTaskExecutor  : Shutting down ExecutorService 'applicationTaskExecutor'
2021-05-03 10:06:53.635  INFO [hotel-service,,] 12844 --- [Thread-11] j.LocalContainerEntityManagerFactoryBean : Closing JPA EntityManagerFactory for persistence unit 'default'
2021-05-03 10:06:53.637  INFO [hotel-service,,] 12844 --- [Thread-11] com.zaxxer.hikari.HikariDataSource       : HikariPool-2 - Shutdown initiated...
2021-05-03 10:06:53.642  INFO [hotel-service,,] 12844 --- [Thread-11] com.zaxxer.hikari.HikariDataSource       : HikariPool-2 - Shutdown completed.
2021-05-03 10:06:53.824  INFO [hotel-service,,] 12844 --- [Thread-11] com.netflix.discovery.DiscoveryClient    : Shutting down DiscoveryClient ...
2021-05-03 10:06:56.832  INFO [hotel-service,,] 12844 --- [Thread-11] com.netflix.discovery.DiscoveryClient    : Unregistering ...
2021-05-03 10:06:56.848  INFO [hotel-service,,] 12844 --- [Thread-11] com.netflix.discovery.DiscoveryClient    : DiscoveryClient_HOTEL-SERVICE/EPINHYDW07A3.princeton.epam.com:hotel-service:8091 - deregister  status: 200
2021-05-03 10:06:56.852  INFO [hotel-service,,] 12844 --- [Thread-11] com.netflix.discovery.DiscoveryClient    : Completed shut down of DiscoveryClient
2021-05-03 10:06:58.269  INFO [hotel-service,,] 12844 --- [restartedMain] c.koushik.hotel.HotelserviceApplication  : Starting HotelserviceApplication using Java 1.8.0_281 on EPINHYDW07A3 with PID 12844 (C:\Programming\hotel-reservation-system\hotel-service\target\classes started by Saikoushik_Addanki in C:\Programming\hotel-reservation-system\hotel-service)
2021-05-03 10:06:58.269  INFO [hotel-service,,] 12844 --- [restartedMain] c.koushik.hotel.HotelserviceApplication  : No active profile set, falling back to default profiles: default
2021-05-03 10:06:58.733  INFO [hotel-service,,] 12844 --- [restartedMain] .s.d.r.c.RepositoryConfigurationDelegate : Bootstrapping Spring Data JPA repositories in DEFAULT mode.
2021-05-03 10:06:58.745  INFO [hotel-service,,] 12844 --- [restartedMain] .s.d.r.c.RepositoryConfigurationDelegate : Finished Spring Data repository scanning in 13 ms. Found 1 JPA repository interfaces.
2021-05-03 10:06:58.855  INFO [hotel-service,,] 12844 --- [restartedMain] o.s.cloud.context.scope.GenericScope     : BeanFactory id=13755345-9622-38a8-abec-e680f11a16be
2021-05-03 10:06:59.233  INFO [hotel-service,,] 12844 --- [restartedMain] o.s.b.w.embedded.tomcat.TomcatWebServer  : Tomcat initialized with port(s): 8091 (http)
2021-05-03 10:06:59.234  INFO [hotel-service,,] 12844 --- [restartedMain] o.apache.catalina.core.StandardService   : Starting service [Tomcat]
2021-05-03 10:06:59.234  INFO [hotel-service,,] 12844 --- [restartedMain] org.apache.catalina.core.StandardEngine  : Starting Servlet engine: [Apache Tomcat/9.0.45]
2021-05-03 10:06:59.252  INFO [hotel-service,,] 12844 --- [restartedMain] o.a.c.c.C.[Tomcat-1].[localhost].[/]     : Initializing Spring embedded WebApplicationContext
2021-05-03 10:06:59.253  INFO [hotel-service,,] 12844 --- [restartedMain] w.s.c.ServletWebServerApplicationContext : Root WebApplicationContext: initialization completed in 981 ms
2021-05-03 10:07:00.979  INFO [hotel-service,,] 12844 --- [restartedMain] o.s.cloud.commons.util.InetUtils         : Cannot determine local hostname
2021-05-03 10:07:01.495  INFO [hotel-service,,] 12844 --- [restartedMain] o.hibernate.jpa.internal.util.LogHelper  : HHH000204: Processing PersistenceUnitInfo [name: default]
2021-05-03 10:07:01.499  INFO [hotel-service,,] 12844 --- [restartedMain] com.zaxxer.hikari.HikariDataSource       : HikariPool-3 - Starting...
2021-05-03 10:07:01.499  WARN [hotel-service,,] 12844 --- [restartedMain] com.zaxxer.hikari.util.DriverDataSource  : Registered driver with driverClassName=com.mysql.jdbc.Driver was not found, trying direct instantiation.
2021-05-03 10:07:01.512  INFO [hotel-service,,] 12844 --- [restartedMain] com.zaxxer.hikari.HikariDataSource       : HikariPool-3 - Start completed.
2021-05-03 10:07:01.512  INFO [hotel-service,,] 12844 --- [restartedMain] org.hibernate.dialect.Dialect            : HHH000400: Using dialect: org.hibernate.dialect.MySQL8Dialect
2021-05-03 10:07:01.556  INFO [hotel-service,,] 12844 --- [restartedMain] o.h.e.t.j.p.i.JtaPlatformInitiator       : HHH000490: Using JtaPlatform implementation: [org.hibernate.engine.transaction.jta.platform.internal.NoJtaPlatform]
2021-05-03 10:07:01.557  INFO [hotel-service,,] 12844 --- [restartedMain] j.LocalContainerEntityManagerFactoryBean : Initialized JPA EntityManagerFactory for persistence unit 'default'
2021-05-03 10:07:01.612  WARN [hotel-service,,] 12844 --- [restartedMain] o.s.b.d.a.OptionalLiveReloadServer       : Unable to start LiveReload server
2021-05-03 10:07:02.042  WARN [hotel-service,,] 12844 --- [restartedMain] JpaBaseConfiguration$JpaWebConfiguration : spring.jpa.open-in-view is enabled by default. Therefore, database queries may be performed during view rendering. Explicitly configure spring.jpa.open-in-view to disable this warning
2021-05-03 10:07:02.197  INFO [hotel-service,,] 12844 --- [restartedMain] o.s.b.a.e.web.EndpointLinksResolver      : Exposing 2 endpoint(s) beneath base path '/actuator'
2021-05-03 10:07:02.323  INFO [hotel-service,,] 12844 --- [restartedMain] pertySourcedRequestMappingHandlerMapping : Mapped URL path [/v2/api-docs] onto method [springfox.documentation.swagger2.web.Swagger2Controller#getDocumentation(String, HttpServletRequest)]
2021-05-03 10:07:02.507  INFO [hotel-service,,] 12844 --- [restartedMain] o.s.s.concurrent.ThreadPoolTaskExecutor  : Initializing ExecutorService 'applicationTaskExecutor'
2021-05-03 10:07:04.112  INFO [hotel-service,,] 12844 --- [restartedMain] o.s.cloud.commons.util.InetUtils         : Cannot determine local hostname
2021-05-03 10:07:04.138  INFO [hotel-service,,] 12844 --- [restartedMain] DiscoveryClientOptionalArgsConfiguration : Eureka HTTP Client uses RestTemplate.
2021-05-03 10:07:04.442  WARN [hotel-service,,] 12844 --- [restartedMain] iguration$LoadBalancerCaffeineWarnLogger : Spring Cloud LoadBalancer is currently working with the default cache. You can switch to using Caffeine cache, by adding it and org.springframework.cache.caffeine.CaffeineCacheManager to the classpath.
2021-05-03 10:07:04.544  INFO [hotel-service,,] 12844 --- [restartedMain] o.s.c.n.eureka.InstanceInfoFactory       : Setting initial instance status as: STARTING
2021-05-03 10:07:04.549  INFO [hotel-service,,] 12844 --- [restartedMain] com.netflix.discovery.DiscoveryClient    : Initializing Eureka in region us-east-1
2021-05-03 10:07:04.549  INFO [hotel-service,,] 12844 --- [restartedMain] c.n.d.s.r.aws.ConfigClusterResolver      : Resolving eureka endpoints via configuration
2021-05-03 10:07:04.550  INFO [hotel-service,,] 12844 --- [restartedMain] com.netflix.discovery.DiscoveryClient    : Disable delta property : false
2021-05-03 10:07:04.550  INFO [hotel-service,,] 12844 --- [restartedMain] com.netflix.discovery.DiscoveryClient    : Single vip registry refresh property : null
2021-05-03 10:07:04.550  INFO [hotel-service,,] 12844 --- [restartedMain] com.netflix.discovery.DiscoveryClient    : Force full registry fetch : false
2021-05-03 10:07:04.550  INFO [hotel-service,,] 12844 --- [restartedMain] com.netflix.discovery.DiscoveryClient    : Application is null : false
2021-05-03 10:07:04.550  INFO [hotel-service,,] 12844 --- [restartedMain] com.netflix.discovery.DiscoveryClient    : Registered Applications size is zero : true
2021-05-03 10:07:04.550  INFO [hotel-service,,] 12844 --- [restartedMain] com.netflix.discovery.DiscoveryClient    : Application version is -1: true
2021-05-03 10:07:04.550  INFO [hotel-service,,] 12844 --- [restartedMain] com.netflix.discovery.DiscoveryClient    : Getting all instance registry info from the eureka server
2021-05-03 10:07:04.562  INFO [hotel-service,,] 12844 --- [restartedMain] com.netflix.discovery.DiscoveryClient    : The response status is 200
2021-05-03 10:07:04.562  INFO [hotel-service,,] 12844 --- [restartedMain] com.netflix.discovery.DiscoveryClient    : Starting heartbeat executor: renew interval is: 30
2021-05-03 10:07:04.563  INFO [hotel-service,,] 12844 --- [restartedMain] c.n.discovery.InstanceInfoReplicator     : InstanceInfoReplicator onDemand update allowed rate per min is 4
2021-05-03 10:07:04.563  INFO [hotel-service,,] 12844 --- [restartedMain] com.netflix.discovery.DiscoveryClient    : Discovery Client initialized at timestamp 1620016624563 with initial instances count: 2
2021-05-03 10:07:04.584  INFO [hotel-service,,] 12844 --- [restartedMain] o.s.c.n.e.s.EurekaServiceRegistry        : Registering application HOTEL-SERVICE with eureka with status UP
2021-05-03 10:07:04.584  INFO [hotel-service,,] 12844 --- [restartedMain] com.netflix.discovery.DiscoveryClient    : Saw local status change event StatusChangeEvent [timestamp=1620016624584, current=UP, previous=STARTING]
2021-05-03 10:07:04.585  INFO [hotel-service,,] 12844 --- [DiscoveryClient-InstanceInfoReplicator-0] com.netflix.discovery.DiscoveryClient    : DiscoveryClient_HOTEL-SERVICE/localhost:hotel-service:8091: registering service...
2021-05-03 10:07:04.588  INFO [hotel-service,,] 12844 --- [restartedMain] o.s.b.w.embedded.tomcat.TomcatWebServer  : Tomcat started on port(s): 8091 (http) with context path ''
2021-05-03 10:07:04.589  INFO [hotel-service,,] 12844 --- [restartedMain] .s.c.n.e.s.EurekaAutoServiceRegistration : Updating port to 8091
2021-05-03 10:07:04.593  INFO [hotel-service,,] 12844 --- [DiscoveryClient-InstanceInfoReplicator-0] com.netflix.discovery.DiscoveryClient    : DiscoveryClient_HOTEL-SERVICE/localhost:hotel-service:8091 - registration status: 204
2021-05-03 10:07:05.739  INFO [hotel-service,,] 12844 --- [restartedMain] o.s.cloud.commons.util.InetUtils         : Cannot determine local hostname
2021-05-03 10:07:05.739  INFO [hotel-service,,] 12844 --- [restartedMain] d.s.w.p.DocumentationPluginsBootstrapper : Context refreshed
2021-05-03 10:07:05.740  INFO [hotel-service,,] 12844 --- [restartedMain] d.s.w.p.DocumentationPluginsBootstrapper : Found 1 custom documentation plugin(s)
2021-05-03 10:07:05.744  INFO [hotel-service,,] 12844 --- [restartedMain] s.d.s.w.s.ApiListingReferenceScanner     : Scanning for api listing references
2021-05-03 10:07:05.772  INFO [hotel-service,,] 12844 --- [restartedMain] .d.s.w.r.o.CachingOperationNameGenerator : Generating unique operation named: handleUsingGET_1
2021-05-03 10:07:05.773  INFO [hotel-service,,] 12844 --- [restartedMain] .d.s.w.r.o.CachingOperationNameGenerator : Generating unique operation named: handleUsingGET_2
2021-05-03 10:07:05.792  INFO [hotel-service,,] 12844 --- [restartedMain] c.koushik.hotel.HotelserviceApplication  : Started HotelserviceApplication in 8.712 seconds (JVM running for 35900.161)
2021-05-03 10:07:05.795  INFO [hotel-service,,] 12844 --- [restartedMain] .ConditionEvaluationDeltaLoggingListener : Condition evaluation unchanged
2021-05-03 10:08:09.276  INFO [hotel-service,,] 12844 --- [Thread-24] o.s.c.n.e.s.EurekaServiceRegistry        : Unregistering application HOTEL-SERVICE with eureka with status DOWN
2021-05-03 10:08:09.277  INFO [hotel-service,,] 12844 --- [Thread-24] com.netflix.discovery.DiscoveryClient    : Saw local status change event StatusChangeEvent [timestamp=1620016689277, current=DOWN, previous=UP]
2021-05-03 10:08:09.277  INFO [hotel-service,,] 12844 --- [DiscoveryClient-InstanceInfoReplicator-0] com.netflix.discovery.DiscoveryClient    : DiscoveryClient_HOTEL-SERVICE/localhost:hotel-service:8091: registering service...
2021-05-03 10:08:09.296  INFO [hotel-service,,] 12844 --- [DiscoveryClient-InstanceInfoReplicator-0] com.netflix.discovery.DiscoveryClient    : DiscoveryClient_HOTEL-SERVICE/localhost:hotel-service:8091 - registration status: 204
2021-05-03 10:08:09.412  INFO [hotel-service,,] 12844 --- [Thread-24] o.s.s.concurrent.ThreadPoolTaskExecutor  : Shutting down ExecutorService 'applicationTaskExecutor'
2021-05-03 10:08:09.413  INFO [hotel-service,,] 12844 --- [Thread-24] j.LocalContainerEntityManagerFactoryBean : Closing JPA EntityManagerFactory for persistence unit 'default'
2021-05-03 10:08:09.415  INFO [hotel-service,,] 12844 --- [Thread-24] com.zaxxer.hikari.HikariDataSource       : HikariPool-3 - Shutdown initiated...
2021-05-03 10:08:09.420  INFO [hotel-service,,] 12844 --- [Thread-24] com.zaxxer.hikari.HikariDataSource       : HikariPool-3 - Shutdown completed.
2021-05-03 10:08:10.432  INFO [hotel-service,,] 12844 --- [Thread-24] com.netflix.discovery.DiscoveryClient    : Shutting down DiscoveryClient ...
2021-05-03 10:08:13.449  INFO [hotel-service,,] 12844 --- [Thread-24] com.netflix.discovery.DiscoveryClient    : Unregistering ...
2021-05-03 10:08:13.464  INFO [hotel-service,,] 12844 --- [Thread-24] com.netflix.discovery.DiscoveryClient    : DiscoveryClient_HOTEL-SERVICE/localhost:hotel-service:8091 - deregister  status: 200
2021-05-03 10:08:13.467  INFO [hotel-service,,] 12844 --- [Thread-24] com.netflix.discovery.DiscoveryClient    : Completed shut down of DiscoveryClient
2021-05-03 10:08:15.221  INFO [hotel-service,,] 12844 --- [restartedMain] c.koushik.hotel.HotelserviceApplication  : Starting HotelserviceApplication using Java 1.8.0_281 on EPINHYDW07A3 with PID 12844 (C:\Programming\hotel-reservation-system\hotel-service\target\classes started by Saikoushik_Addanki in C:\Programming\hotel-reservation-system\hotel-service)
2021-05-03 10:08:15.222  INFO [hotel-service,,] 12844 --- [restartedMain] c.koushik.hotel.HotelserviceApplication  : No active profile set, falling back to default profiles: default
2021-05-03 10:08:15.645  INFO [hotel-service,,] 12844 --- [restartedMain] .s.d.r.c.RepositoryConfigurationDelegate : Bootstrapping Spring Data JPA repositories in DEFAULT mode.
2021-05-03 10:08:15.658  INFO [hotel-service,,] 12844 --- [restartedMain] .s.d.r.c.RepositoryConfigurationDelegate : Finished Spring Data repository scanning in 12 ms. Found 1 JPA repository interfaces.
2021-05-03 10:08:15.757  INFO [hotel-service,,] 12844 --- [restartedMain] o.s.cloud.context.scope.GenericScope     : BeanFactory id=13755345-9622-38a8-abec-e680f11a16be
2021-05-03 10:08:16.125  INFO [hotel-service,,] 12844 --- [restartedMain] o.s.b.w.embedded.tomcat.TomcatWebServer  : Tomcat initialized with port(s): 8091 (http)
2021-05-03 10:08:16.126  INFO [hotel-service,,] 12844 --- [restartedMain] o.apache.catalina.core.StandardService   : Starting service [Tomcat]
2021-05-03 10:08:16.126  INFO [hotel-service,,] 12844 --- [restartedMain] org.apache.catalina.core.StandardEngine  : Starting Servlet engine: [Apache Tomcat/9.0.45]
2021-05-03 10:08:16.144  INFO [hotel-service,,] 12844 --- [restartedMain] o.a.c.c.C.[Tomcat-1].[localhost].[/]     : Initializing Spring embedded WebApplicationContext
2021-05-03 10:08:16.144  INFO [hotel-service,,] 12844 --- [restartedMain] w.s.c.ServletWebServerApplicationContext : Root WebApplicationContext: initialization completed in 920 ms
2021-05-03 10:08:17.806  INFO [hotel-service,,] 12844 --- [restartedMain] o.s.cloud.commons.util.InetUtils         : Cannot determine local hostname
2021-05-03 10:08:18.468  INFO [hotel-service,,] 12844 --- [restartedMain] o.hibernate.jpa.internal.util.LogHelper  : HHH000204: Processing PersistenceUnitInfo [name: default]
2021-05-03 10:08:18.473  INFO [hotel-service,,] 12844 --- [restartedMain] com.zaxxer.hikari.HikariDataSource       : HikariPool-4 - Starting...
2021-05-03 10:08:18.473  WARN [hotel-service,,] 12844 --- [restartedMain] com.zaxxer.hikari.util.DriverDataSource  : Registered driver with driverClassName=com.mysql.jdbc.Driver was not found, trying direct instantiation.
2021-05-03 10:08:18.485  INFO [hotel-service,,] 12844 --- [restartedMain] com.zaxxer.hikari.HikariDataSource       : HikariPool-4 - Start completed.
2021-05-03 10:08:18.486  INFO [hotel-service,,] 12844 --- [restartedMain] org.hibernate.dialect.Dialect            : HHH000400: Using dialect: org.hibernate.dialect.MySQL8Dialect
2021-05-03 10:08:18.526  INFO [hotel-service,,] 12844 --- [restartedMain] o.h.e.t.j.p.i.JtaPlatformInitiator       : HHH000490: Using JtaPlatform implementation: [org.hibernate.engine.transaction.jta.platform.internal.NoJtaPlatform]
2021-05-03 10:08:18.527  INFO [hotel-service,,] 12844 --- [restartedMain] j.LocalContainerEntityManagerFactoryBean : Initialized JPA EntityManagerFactory for persistence unit 'default'
2021-05-03 10:08:18.586  WARN [hotel-service,,] 12844 --- [restartedMain] o.s.b.d.a.OptionalLiveReloadServer       : Unable to start LiveReload server
2021-05-03 10:08:19.018  WARN [hotel-service,,] 12844 --- [restartedMain] JpaBaseConfiguration$JpaWebConfiguration : spring.jpa.open-in-view is enabled by default. Therefore, database queries may be performed during view rendering. Explicitly configure spring.jpa.open-in-view to disable this warning
2021-05-03 10:08:19.159  INFO [hotel-service,,] 12844 --- [restartedMain] o.s.b.a.e.web.EndpointLinksResolver      : Exposing 2 endpoint(s) beneath base path '/actuator'
2021-05-03 10:08:19.278  INFO [hotel-service,,] 12844 --- [restartedMain] pertySourcedRequestMappingHandlerMapping : Mapped URL path [/v2/api-docs] onto method [springfox.documentation.swagger2.web.Swagger2Controller#getDocumentation(String, HttpServletRequest)]
2021-05-03 10:08:19.474  INFO [hotel-service,,] 12844 --- [restartedMain] o.s.s.concurrent.ThreadPoolTaskExecutor  : Initializing ExecutorService 'applicationTaskExecutor'
2021-05-03 10:08:21.098  INFO [hotel-service,,] 12844 --- [restartedMain] o.s.cloud.commons.util.InetUtils         : Cannot determine local hostname
2021-05-03 10:08:21.125  INFO [hotel-service,,] 12844 --- [restartedMain] DiscoveryClientOptionalArgsConfiguration : Eureka HTTP Client uses RestTemplate.
2021-05-03 10:08:21.419  WARN [hotel-service,,] 12844 --- [restartedMain] iguration$LoadBalancerCaffeineWarnLogger : Spring Cloud LoadBalancer is currently working with the default cache. You can switch to using Caffeine cache, by adding it and org.springframework.cache.caffeine.CaffeineCacheManager to the classpath.
2021-05-03 10:08:21.506  INFO [hotel-service,,] 12844 --- [restartedMain] o.s.c.n.eureka.InstanceInfoFactory       : Setting initial instance status as: STARTING
2021-05-03 10:08:21.510  INFO [hotel-service,,] 12844 --- [restartedMain] com.netflix.discovery.DiscoveryClient    : Initializing Eureka in region us-east-1
2021-05-03 10:08:21.511  INFO [hotel-service,,] 12844 --- [restartedMain] c.n.d.s.r.aws.ConfigClusterResolver      : Resolving eureka endpoints via configuration
2021-05-03 10:08:21.511  INFO [hotel-service,,] 12844 --- [restartedMain] com.netflix.discovery.DiscoveryClient    : Disable delta property : false
2021-05-03 10:08:21.511  INFO [hotel-service,,] 12844 --- [restartedMain] com.netflix.discovery.DiscoveryClient    : Single vip registry refresh property : null
2021-05-03 10:08:21.511  INFO [hotel-service,,] 12844 --- [restartedMain] com.netflix.discovery.DiscoveryClient    : Force full registry fetch : false
2021-05-03 10:08:21.512  INFO [hotel-service,,] 12844 --- [restartedMain] com.netflix.discovery.DiscoveryClient    : Application is null : false
2021-05-03 10:08:21.512  INFO [hotel-service,,] 12844 --- [restartedMain] com.netflix.discovery.DiscoveryClient    : Registered Applications size is zero : true
2021-05-03 10:08:21.512  INFO [hotel-service,,] 12844 --- [restartedMain] com.netflix.discovery.DiscoveryClient    : Application version is -1: true
2021-05-03 10:08:21.512  INFO [hotel-service,,] 12844 --- [restartedMain] com.netflix.discovery.DiscoveryClient    : Getting all instance registry info from the eureka server
2021-05-03 10:08:21.522  INFO [hotel-service,,] 12844 --- [restartedMain] com.netflix.discovery.DiscoveryClient    : The response status is 200
2021-05-03 10:08:21.523  INFO [hotel-service,,] 12844 --- [restartedMain] com.netflix.discovery.DiscoveryClient    : Starting heartbeat executor: renew interval is: 30
2021-05-03 10:08:21.523  INFO [hotel-service,,] 12844 --- [restartedMain] c.n.discovery.InstanceInfoReplicator     : InstanceInfoReplicator onDemand update allowed rate per min is 4
2021-05-03 10:08:21.524  INFO [hotel-service,,] 12844 --- [restartedMain] com.netflix.discovery.DiscoveryClient    : Discovery Client initialized at timestamp 1620016701524 with initial instances count: 2
2021-05-03 10:08:21.539  INFO [hotel-service,,] 12844 --- [restartedMain] o.s.c.n.e.s.EurekaServiceRegistry        : Registering application HOTEL-SERVICE with eureka with status UP
2021-05-03 10:08:21.540  INFO [hotel-service,,] 12844 --- [restartedMain] com.netflix.discovery.DiscoveryClient    : Saw local status change event StatusChangeEvent [timestamp=1620016701540, current=UP, previous=STARTING]
2021-05-03 10:08:21.540  INFO [hotel-service,,] 12844 --- [DiscoveryClient-InstanceInfoReplicator-0] com.netflix.discovery.DiscoveryClient    : DiscoveryClient_HOTEL-SERVICE/localhost:hotel-service:8091: registering service...
2021-05-03 10:08:21.544  INFO [hotel-service,,] 12844 --- [restartedMain] o.s.b.w.embedded.tomcat.TomcatWebServer  : Tomcat started on port(s): 8091 (http) with context path ''
2021-05-03 10:08:21.544  INFO [hotel-service,,] 12844 --- [restartedMain] .s.c.n.e.s.EurekaAutoServiceRegistration : Updating port to 8091
2021-05-03 10:08:21.549  INFO [hotel-service,,] 12844 --- [DiscoveryClient-InstanceInfoReplicator-0] com.netflix.discovery.DiscoveryClient    : DiscoveryClient_HOTEL-SERVICE/localhost:hotel-service:8091 - registration status: 204
2021-05-03 10:08:22.696  INFO [hotel-service,,] 12844 --- [restartedMain] o.s.cloud.commons.util.InetUtils         : Cannot determine local hostname
2021-05-03 10:08:22.697  INFO [hotel-service,,] 12844 --- [restartedMain] d.s.w.p.DocumentationPluginsBootstrapper : Context refreshed
2021-05-03 10:08:22.700  INFO [hotel-service,,] 12844 --- [restartedMain] d.s.w.p.DocumentationPluginsBootstrapper : Found 1 custom documentation plugin(s)
2021-05-03 10:08:22.705  INFO [hotel-service,,] 12844 --- [restartedMain] s.d.s.w.s.ApiListingReferenceScanner     : Scanning for api listing references
2021-05-03 10:08:22.735  INFO [hotel-service,,] 12844 --- [restartedMain] .d.s.w.r.o.CachingOperationNameGenerator : Generating unique operation named: handleUsingGET_1
2021-05-03 10:08:22.736  INFO [hotel-service,,] 12844 --- [restartedMain] .d.s.w.r.o.CachingOperationNameGenerator : Generating unique operation named: handleUsingGET_2
2021-05-03 10:08:22.753  INFO [hotel-service,,] 12844 --- [restartedMain] c.koushik.hotel.HotelserviceApplication  : Started HotelserviceApplication in 8.725 seconds (JVM running for 35977.122)
2021-05-03 10:08:22.756  INFO [hotel-service,,] 12844 --- [restartedMain] .ConditionEvaluationDeltaLoggingListener : Condition evaluation unchanged
2021-05-03 10:09:03.262  INFO [hotel-service,,] 12844 --- [RMI TCP Connection(65)-127.0.0.1] inMXBeanRegistrar$SpringApplicationAdmin : Application shutdown requested.
2021-05-03 10:09:03.262  INFO [hotel-service,,] 12844 --- [RMI TCP Connection(65)-127.0.0.1] o.s.c.n.e.s.EurekaServiceRegistry        : Unregistering application HOTEL-SERVICE with eureka with status DOWN
2021-05-03 10:09:03.262  INFO [hotel-service,,] 12844 --- [RMI TCP Connection(65)-127.0.0.1] com.netflix.discovery.DiscoveryClient    : Saw local status change event StatusChangeEvent [timestamp=1620016743262, current=DOWN, previous=UP]
2021-05-03 10:09:03.262  INFO [hotel-service,,] 12844 --- [DiscoveryClient-InstanceInfoReplicator-0] com.netflix.discovery.DiscoveryClient    : DiscoveryClient_HOTEL-SERVICE/localhost:hotel-service:8091: registering service...
2021-05-03 10:09:03.271  INFO [hotel-service,,] 12844 --- [DiscoveryClient-InstanceInfoReplicator-0] com.netflix.discovery.DiscoveryClient    : DiscoveryClient_HOTEL-SERVICE/localhost:hotel-service:8091 - registration status: 204
2021-05-03 10:09:03.369  INFO [hotel-service,,] 12844 --- [RMI TCP Connection(65)-127.0.0.1] o.s.s.concurrent.ThreadPoolTaskExecutor  : Shutting down ExecutorService 'applicationTaskExecutor'
2021-05-03 10:09:03.370  INFO [hotel-service,,] 12844 --- [RMI TCP Connection(65)-127.0.0.1] j.LocalContainerEntityManagerFactoryBean : Closing JPA EntityManagerFactory for persistence unit 'default'
2021-05-03 10:09:03.372  INFO [hotel-service,,] 12844 --- [RMI TCP Connection(65)-127.0.0.1] com.zaxxer.hikari.HikariDataSource       : HikariPool-4 - Shutdown initiated...
2021-05-03 10:09:03.377  INFO [hotel-service,,] 12844 --- [RMI TCP Connection(65)-127.0.0.1] com.zaxxer.hikari.HikariDataSource       : HikariPool-4 - Shutdown completed.
2021-05-03 10:09:04.389  INFO [hotel-service,,] 12844 --- [RMI TCP Connection(65)-127.0.0.1] com.netflix.discovery.DiscoveryClient    : Shutting down DiscoveryClient ...
2021-05-03 10:09:07.399  INFO [hotel-service,,] 12844 --- [RMI TCP Connection(65)-127.0.0.1] com.netflix.discovery.DiscoveryClient    : Unregistering ...
2021-05-03 10:09:07.414  INFO [hotel-service,,] 12844 --- [RMI TCP Connection(65)-127.0.0.1] com.netflix.discovery.DiscoveryClient    : DiscoveryClient_HOTEL-SERVICE/localhost:hotel-service:8091 - deregister  status: 200
2021-05-03 10:09:07.416  INFO [hotel-service,,] 12844 --- [RMI TCP Connection(65)-127.0.0.1] com.netflix.discovery.DiscoveryClient    : Completed shut down of DiscoveryClient
2021-05-03 10:27:28.743  INFO [hotel-service,,] 23108 --- [restartedMain] c.koushik.hotel.HotelserviceApplication  : Starting HotelserviceApplication using Java 1.8.0_281 on EPINHYDW07A3 with PID 23108 (C:\Programming\hotel-reservation-system\hotel-service\target\classes started by Saikoushik_Addanki in C:\Programming\hotel-reservation-system\hotel-service)
2021-05-03 10:27:28.745  INFO [hotel-service,,] 23108 --- [restartedMain] c.koushik.hotel.HotelserviceApplication  : No active profile set, falling back to default profiles: default
2021-05-03 10:27:28.785  INFO [hotel-service,,] 23108 --- [restartedMain] .e.DevToolsPropertyDefaultsPostProcessor : Devtools property defaults active! Set 'spring.devtools.add-properties' to 'false' to disable
2021-05-03 10:27:28.785  INFO [hotel-service,,] 23108 --- [restartedMain] .e.DevToolsPropertyDefaultsPostProcessor : For additional web related logging consider setting the 'logging.level.web' property to 'DEBUG'
2021-05-03 10:27:29.898  INFO [hotel-service,,] 23108 --- [restartedMain] .s.d.r.c.RepositoryConfigurationDelegate : Bootstrapping Spring Data JPA repositories in DEFAULT mode.
2021-05-03 10:27:30.043  INFO [hotel-service,,] 23108 --- [restartedMain] .s.d.r.c.RepositoryConfigurationDelegate : Finished Spring Data repository scanning in 137 ms. Found 1 JPA repository interfaces.
2021-05-03 10:27:30.366  INFO [hotel-service,,] 23108 --- [restartedMain] o.s.cloud.context.scope.GenericScope     : BeanFactory id=13755345-9622-38a8-abec-e680f11a16be
2021-05-03 10:27:31.210  INFO [hotel-service,,] 23108 --- [restartedMain] o.s.b.w.embedded.tomcat.TomcatWebServer  : Tomcat initialized with port(s): 8091 (http)
2021-05-03 10:27:31.219  INFO [hotel-service,,] 23108 --- [restartedMain] o.apache.catalina.core.StandardService   : Starting service [Tomcat]
2021-05-03 10:27:31.219  INFO [hotel-service,,] 23108 --- [restartedMain] org.apache.catalina.core.StandardEngine  : Starting Servlet engine: [Apache Tomcat/9.0.45]
2021-05-03 10:27:31.341  INFO [hotel-service,,] 23108 --- [restartedMain] o.a.c.c.C.[Tomcat].[localhost].[/]       : Initializing Spring embedded WebApplicationContext
2021-05-03 10:27:31.342  INFO [hotel-service,,] 23108 --- [restartedMain] w.s.c.ServletWebServerApplicationContext : Root WebApplicationContext: initialization completed in 2556 ms
2021-05-03 10:27:33.466  INFO [hotel-service,,] 23108 --- [restartedMain] o.s.cloud.commons.util.InetUtils         : Cannot determine local hostname
2021-05-03 10:27:34.190  INFO [hotel-service,,] 23108 --- [restartedMain] o.hibernate.jpa.internal.util.LogHelper  : HHH000204: Processing PersistenceUnitInfo [name: default]
2021-05-03 10:27:34.244  INFO [hotel-service,,] 23108 --- [restartedMain] org.hibernate.Version                    : HHH000412: Hibernate ORM core version 5.4.30.Final
2021-05-03 10:27:34.356  INFO [hotel-service,,] 23108 --- [restartedMain] o.hibernate.annotations.common.Version   : HCANN000001: Hibernate Commons Annotations {5.1.2.Final}
2021-05-03 10:27:34.446  INFO [hotel-service,,] 23108 --- [restartedMain] com.zaxxer.hikari.HikariDataSource       : HikariPool-1 - Starting...
2021-05-03 10:27:34.449  WARN [hotel-service,,] 23108 --- [restartedMain] com.zaxxer.hikari.util.DriverDataSource  : Registered driver with driverClassName=com.mysql.jdbc.Driver was not found, trying direct instantiation.
2021-05-03 10:27:34.852  INFO [hotel-service,,] 23108 --- [restartedMain] com.zaxxer.hikari.HikariDataSource       : HikariPool-1 - Start completed.
2021-05-03 10:27:35.035  INFO [hotel-service,,] 23108 --- [restartedMain] org.hibernate.dialect.Dialect            : HHH000400: Using dialect: org.hibernate.dialect.MySQL8Dialect
2021-05-03 10:27:35.648  INFO [hotel-service,,] 23108 --- [restartedMain] o.h.e.t.j.p.i.JtaPlatformInitiator       : HHH000490: Using JtaPlatform implementation: [org.hibernate.engine.transaction.jta.platform.internal.NoJtaPlatform]
2021-05-03 10:27:35.656  INFO [hotel-service,,] 23108 --- [restartedMain] j.LocalContainerEntityManagerFactoryBean : Initialized JPA EntityManagerFactory for persistence unit 'default'
2021-05-03 10:27:35.734  WARN [hotel-service,,] 23108 --- [restartedMain] o.s.b.d.a.OptionalLiveReloadServer       : Unable to start LiveReload server
2021-05-03 10:27:36.420  WARN [hotel-service,,] 23108 --- [restartedMain] JpaBaseConfiguration$JpaWebConfiguration : spring.jpa.open-in-view is enabled by default. Therefore, database queries may be performed during view rendering. Explicitly configure spring.jpa.open-in-view to disable this warning
2021-05-03 10:27:36.635  INFO [hotel-service,,] 23108 --- [restartedMain] o.s.b.a.e.web.EndpointLinksResolver      : Exposing 2 endpoint(s) beneath base path '/actuator'
2021-05-03 10:27:36.790  INFO [hotel-service,,] 23108 --- [restartedMain] pertySourcedRequestMappingHandlerMapping : Mapped URL path [/v2/api-docs] onto method [springfox.documentation.swagger2.web.Swagger2Controller#getDocumentation(String, HttpServletRequest)]
2021-05-03 10:27:37.006  INFO [hotel-service,,] 23108 --- [restartedMain] o.s.s.concurrent.ThreadPoolTaskExecutor  : Initializing ExecutorService 'applicationTaskExecutor'
2021-05-03 10:27:38.815  INFO [hotel-service,,] 23108 --- [restartedMain] o.s.cloud.commons.util.InetUtils         : Cannot determine local hostname
2021-05-03 10:27:38.840  INFO [hotel-service,,] 23108 --- [restartedMain] DiscoveryClientOptionalArgsConfiguration : Eureka HTTP Client uses RestTemplate.
2021-05-03 10:27:39.262  WARN [hotel-service,,] 23108 --- [restartedMain] iguration$LoadBalancerCaffeineWarnLogger : Spring Cloud LoadBalancer is currently working with the default cache. You can switch to using Caffeine cache, by adding it and org.springframework.cache.caffeine.CaffeineCacheManager to the classpath.
2021-05-03 10:27:39.395  INFO [hotel-service,,] 23108 --- [restartedMain] o.s.c.n.eureka.InstanceInfoFactory       : Setting initial instance status as: STARTING
2021-05-03 10:27:39.424  INFO [hotel-service,,] 23108 --- [restartedMain] com.netflix.discovery.DiscoveryClient    : Initializing Eureka in region us-east-1
2021-05-03 10:27:39.428  INFO [hotel-service,,] 23108 --- [restartedMain] c.n.d.s.r.aws.ConfigClusterResolver      : Resolving eureka endpoints via configuration
2021-05-03 10:27:39.568  INFO [hotel-service,,] 23108 --- [restartedMain] com.netflix.discovery.DiscoveryClient    : Disable delta property : false
2021-05-03 10:27:39.568  INFO [hotel-service,,] 23108 --- [restartedMain] com.netflix.discovery.DiscoveryClient    : Single vip registry refresh property : null
2021-05-03 10:27:39.568  INFO [hotel-service,,] 23108 --- [restartedMain] com.netflix.discovery.DiscoveryClient    : Force full registry fetch : false
2021-05-03 10:27:39.568  INFO [hotel-service,,] 23108 --- [restartedMain] com.netflix.discovery.DiscoveryClient    : Application is null : false
2021-05-03 10:27:39.568  INFO [hotel-service,,] 23108 --- [restartedMain] com.netflix.discovery.DiscoveryClient    : Registered Applications size is zero : true
2021-05-03 10:27:39.568  INFO [hotel-service,,] 23108 --- [restartedMain] com.netflix.discovery.DiscoveryClient    : Application version is -1: true
2021-05-03 10:27:39.568  INFO [hotel-service,,] 23108 --- [restartedMain] com.netflix.discovery.DiscoveryClient    : Getting all instance registry info from the eureka server
2021-05-03 10:27:39.895  INFO [hotel-service,,] 23108 --- [restartedMain] com.netflix.discovery.DiscoveryClient    : The response status is 200
2021-05-03 10:27:39.897  INFO [hotel-service,,] 23108 --- [restartedMain] com.netflix.discovery.DiscoveryClient    : Starting heartbeat executor: renew interval is: 30
2021-05-03 10:27:39.900  INFO [hotel-service,,] 23108 --- [restartedMain] c.n.discovery.InstanceInfoReplicator     : InstanceInfoReplicator onDemand update allowed rate per min is 4
2021-05-03 10:27:39.904  INFO [hotel-service,,] 23108 --- [restartedMain] com.netflix.discovery.DiscoveryClient    : Discovery Client initialized at timestamp 1620017859904 with initial instances count: 0
2021-05-03 10:27:39.922  INFO [hotel-service,,] 23108 --- [restartedMain] o.s.c.n.e.s.EurekaServiceRegistry        : Registering application HOTEL-SERVICE with eureka with status UP
2021-05-03 10:27:39.922  INFO [hotel-service,,] 23108 --- [restartedMain] com.netflix.discovery.DiscoveryClient    : Saw local status change event StatusChangeEvent [timestamp=1620017859922, current=UP, previous=STARTING]
2021-05-03 10:27:39.925  INFO [hotel-service,,] 23108 --- [DiscoveryClient-InstanceInfoReplicator-0] com.netflix.discovery.DiscoveryClient    : DiscoveryClient_HOTEL-SERVICE/localhost:hotel-service:8091: registering service...
2021-05-03 10:27:39.943  INFO [hotel-service,,] 23108 --- [restartedMain] o.s.b.w.embedded.tomcat.TomcatWebServer  : Tomcat started on port(s): 8091 (http) with context path ''
2021-05-03 10:27:39.943  INFO [hotel-service,,] 23108 --- [restartedMain] .s.c.n.e.s.EurekaAutoServiceRegistration : Updating port to 8091
2021-05-03 10:27:40.163  INFO [hotel-service,,] 23108 --- [DiscoveryClient-InstanceInfoReplicator-0] com.netflix.discovery.DiscoveryClient    : DiscoveryClient_HOTEL-SERVICE/localhost:hotel-service:8091 - registration status: 204
2021-05-03 10:27:41.188  INFO [hotel-service,,] 23108 --- [restartedMain] o.s.cloud.commons.util.InetUtils         : Cannot determine local hostname
2021-05-03 10:27:41.190  INFO [hotel-service,,] 23108 --- [restartedMain] d.s.w.p.DocumentationPluginsBootstrapper : Context refreshed
2021-05-03 10:27:41.224  INFO [hotel-service,,] 23108 --- [restartedMain] d.s.w.p.DocumentationPluginsBootstrapper : Found 1 custom documentation plugin(s)
2021-05-03 10:27:41.258  INFO [hotel-service,,] 23108 --- [restartedMain] s.d.s.w.s.ApiListingReferenceScanner     : Scanning for api listing references
2021-05-03 10:27:41.369  INFO [hotel-service,,] 23108 --- [restartedMain] .d.s.w.r.o.CachingOperationNameGenerator : Generating unique operation named: handleUsingGET_1
2021-05-03 10:27:41.371  INFO [hotel-service,,] 23108 --- [restartedMain] .d.s.w.r.o.CachingOperationNameGenerator : Generating unique operation named: handleUsingGET_2
2021-05-03 10:27:41.403  INFO [hotel-service,,] 23108 --- [restartedMain] c.koushik.hotel.HotelserviceApplication  : Started HotelserviceApplication in 14.378 seconds (JVM running for 15.286)
2021-05-03 10:28:09.910  INFO [hotel-service,,] 23108 --- [DiscoveryClient-CacheRefreshExecutor-0] com.netflix.discovery.DiscoveryClient    : Disable delta property : false
2021-05-03 10:28:09.910  INFO [hotel-service,,] 23108 --- [DiscoveryClient-CacheRefreshExecutor-0] com.netflix.discovery.DiscoveryClient    : Single vip registry refresh property : null
2021-05-03 10:28:09.911  INFO [hotel-service,,] 23108 --- [DiscoveryClient-CacheRefreshExecutor-0] com.netflix.discovery.DiscoveryClient    : Force full registry fetch : false
2021-05-03 10:28:09.911  INFO [hotel-service,,] 23108 --- [DiscoveryClient-CacheRefreshExecutor-0] com.netflix.discovery.DiscoveryClient    : Application is null : false
2021-05-03 10:28:09.911  INFO [hotel-service,,] 23108 --- [DiscoveryClient-CacheRefreshExecutor-0] com.netflix.discovery.DiscoveryClient    : Registered Applications size is zero : true
2021-05-03 10:28:09.911  INFO [hotel-service,,] 23108 --- [DiscoveryClient-CacheRefreshExecutor-0] com.netflix.discovery.DiscoveryClient    : Application version is -1: false
2021-05-03 10:28:09.911  INFO [hotel-service,,] 23108 --- [DiscoveryClient-CacheRefreshExecutor-0] com.netflix.discovery.DiscoveryClient    : Getting all instance registry info from the eureka server
2021-05-03 10:28:09.932  INFO [hotel-service,,] 23108 --- [DiscoveryClient-CacheRefreshExecutor-0] com.netflix.discovery.DiscoveryClient    : The response status is 200
2021-05-03 10:28:28.468  INFO [hotel-service,,] 23108 --- [RMI TCP Connection(3)-127.0.0.1] o.a.c.c.C.[Tomcat].[localhost].[/]       : Initializing Spring DispatcherServlet 'dispatcherServlet'
2021-05-03 10:28:28.468  INFO [hotel-service,,] 23108 --- [RMI TCP Connection(3)-127.0.0.1] o.s.web.servlet.DispatcherServlet        : Initializing Servlet 'dispatcherServlet'
2021-05-03 10:28:28.471  INFO [hotel-service,,] 23108 --- [RMI TCP Connection(3)-127.0.0.1] o.s.web.servlet.DispatcherServlet        : Completed initialization in 3 ms
2021-05-03 10:30:23.481  INFO [hotel-service,,] 23108 --- [Thread-2] o.s.c.n.e.s.EurekaServiceRegistry        : Unregistering application HOTEL-SERVICE with eureka with status DOWN
2021-05-03 10:30:23.481  INFO [hotel-service,,] 23108 --- [Thread-2] com.netflix.discovery.DiscoveryClient    : Saw local status change event StatusChangeEvent [timestamp=1620018023481, current=DOWN, previous=UP]
2021-05-03 10:30:23.481  INFO [hotel-service,,] 23108 --- [DiscoveryClient-InstanceInfoReplicator-0] com.netflix.discovery.DiscoveryClient    : DiscoveryClient_HOTEL-SERVICE/localhost:hotel-service:8091: registering service...
2021-05-03 10:30:23.495  INFO [hotel-service,,] 23108 --- [DiscoveryClient-InstanceInfoReplicator-0] com.netflix.discovery.DiscoveryClient    : DiscoveryClient_HOTEL-SERVICE/localhost:hotel-service:8091 - registration status: 204
2021-05-03 10:30:23.607  INFO [hotel-service,,] 23108 --- [Thread-2] o.s.s.concurrent.ThreadPoolTaskExecutor  : Shutting down ExecutorService 'applicationTaskExecutor'
2021-05-03 10:30:23.611  INFO [hotel-service,,] 23108 --- [Thread-2] j.LocalContainerEntityManagerFactoryBean : Closing JPA EntityManagerFactory for persistence unit 'default'
2021-05-03 10:30:23.619  INFO [hotel-service,,] 23108 --- [Thread-2] com.zaxxer.hikari.HikariDataSource       : HikariPool-1 - Shutdown initiated...
2021-05-03 10:30:23.631  INFO [hotel-service,,] 23108 --- [Thread-2] com.zaxxer.hikari.HikariDataSource       : HikariPool-1 - Shutdown completed.
2021-05-03 10:30:24.646  INFO [hotel-service,,] 23108 --- [Thread-2] com.netflix.discovery.DiscoveryClient    : Shutting down DiscoveryClient ...
2021-05-03 10:30:27.662  INFO [hotel-service,,] 23108 --- [Thread-2] com.netflix.discovery.DiscoveryClient    : Unregistering ...
2021-05-03 10:30:27.679  INFO [hotel-service,,] 23108 --- [Thread-2] com.netflix.discovery.DiscoveryClient    : DiscoveryClient_HOTEL-SERVICE/localhost:hotel-service:8091 - deregister  status: 200
2021-05-03 10:30:27.683  INFO [hotel-service,,] 23108 --- [Thread-2] com.netflix.discovery.DiscoveryClient    : Completed shut down of DiscoveryClient
2021-05-03 10:30:34.830  INFO [hotel-service,,] 23108 --- [restartedMain] c.koushik.hotel.HotelserviceApplication  : Starting HotelserviceApplication using Java 1.8.0_281 on EPINHYDW07A3 with PID 23108 (C:\Programming\hotel-reservation-system\hotel-service\target\classes started by Saikoushik_Addanki in C:\Programming\hotel-reservation-system\hotel-service)
2021-05-03 10:30:34.831  INFO [hotel-service,,] 23108 --- [restartedMain] c.koushik.hotel.HotelserviceApplication  : No active profile set, falling back to default profiles: default
2021-05-03 10:30:35.263  INFO [hotel-service,,] 23108 --- [restartedMain] .s.d.r.c.RepositoryConfigurationDelegate : Bootstrapping Spring Data JPA repositories in DEFAULT mode.
2021-05-03 10:30:35.275  INFO [hotel-service,,] 23108 --- [restartedMain] .s.d.r.c.RepositoryConfigurationDelegate : Finished Spring Data repository scanning in 11 ms. Found 1 JPA repository interfaces.
2021-05-03 10:30:35.376  INFO [hotel-service,,] 23108 --- [restartedMain] o.s.cloud.context.scope.GenericScope     : BeanFactory id=13755345-9622-38a8-abec-e680f11a16be
2021-05-03 10:30:35.601  INFO [hotel-service,,] 23108 --- [restartedMain] o.s.b.w.embedded.tomcat.TomcatWebServer  : Tomcat initialized with port(s): 8091 (http)
2021-05-03 10:30:35.601  INFO [hotel-service,,] 23108 --- [restartedMain] o.apache.catalina.core.StandardService   : Starting service [Tomcat]
2021-05-03 10:30:35.601  INFO [hotel-service,,] 23108 --- [restartedMain] org.apache.catalina.core.StandardEngine  : Starting Servlet engine: [Apache Tomcat/9.0.45]
2021-05-03 10:30:35.621  INFO [hotel-service,,] 23108 --- [restartedMain] o.a.c.c.C.[Tomcat-1].[localhost].[/]     : Initializing Spring embedded WebApplicationContext
2021-05-03 10:30:35.621  INFO [hotel-service,,] 23108 --- [restartedMain] w.s.c.ServletWebServerApplicationContext : Root WebApplicationContext: initialization completed in 788 ms
2021-05-03 10:30:37.288  INFO [hotel-service,,] 23108 --- [restartedMain] o.s.cloud.commons.util.InetUtils         : Cannot determine local hostname
2021-05-03 10:30:37.826  INFO [hotel-service,,] 23108 --- [restartedMain] o.hibernate.jpa.internal.util.LogHelper  : HHH000204: Processing PersistenceUnitInfo [name: default]
2021-05-03 10:30:37.830  INFO [hotel-service,,] 23108 --- [restartedMain] com.zaxxer.hikari.HikariDataSource       : HikariPool-2 - Starting...
2021-05-03 10:30:37.830  WARN [hotel-service,,] 23108 --- [restartedMain] com.zaxxer.hikari.util.DriverDataSource  : Registered driver with driverClassName=com.mysql.jdbc.Driver was not found, trying direct instantiation.
2021-05-03 10:30:37.843  INFO [hotel-service,,] 23108 --- [restartedMain] com.zaxxer.hikari.HikariDataSource       : HikariPool-2 - Start completed.
2021-05-03 10:30:37.844  INFO [hotel-service,,] 23108 --- [restartedMain] org.hibernate.dialect.Dialect            : HHH000400: Using dialect: org.hibernate.dialect.MySQL8Dialect
2021-05-03 10:30:37.892  INFO [hotel-service,,] 23108 --- [restartedMain] o.h.e.t.j.p.i.JtaPlatformInitiator       : HHH000490: Using JtaPlatform implementation: [org.hibernate.engine.transaction.jta.platform.internal.NoJtaPlatform]
2021-05-03 10:30:37.893  INFO [hotel-service,,] 23108 --- [restartedMain] j.LocalContainerEntityManagerFactoryBean : Initialized JPA EntityManagerFactory for persistence unit 'default'
2021-05-03 10:30:37.951  WARN [hotel-service,,] 23108 --- [restartedMain] o.s.b.d.a.OptionalLiveReloadServer       : Unable to start LiveReload server
2021-05-03 10:30:38.413  WARN [hotel-service,,] 23108 --- [restartedMain] JpaBaseConfiguration$JpaWebConfiguration : spring.jpa.open-in-view is enabled by default. Therefore, database queries may be performed during view rendering. Explicitly configure spring.jpa.open-in-view to disable this warning
2021-05-03 10:30:38.545  INFO [hotel-service,,] 23108 --- [restartedMain] o.s.b.a.e.web.EndpointLinksResolver      : Exposing 2 endpoint(s) beneath base path '/actuator'
2021-05-03 10:30:38.670  INFO [hotel-service,,] 23108 --- [restartedMain] pertySourcedRequestMappingHandlerMapping : Mapped URL path [/v2/api-docs] onto method [springfox.documentation.swagger2.web.Swagger2Controller#getDocumentation(String, HttpServletRequest)]
2021-05-03 10:30:38.858  INFO [hotel-service,,] 23108 --- [restartedMain] o.s.s.concurrent.ThreadPoolTaskExecutor  : Initializing ExecutorService 'applicationTaskExecutor'
2021-05-03 10:30:40.485  INFO [hotel-service,,] 23108 --- [restartedMain] o.s.cloud.commons.util.InetUtils         : Cannot determine local hostname
2021-05-03 10:30:40.523  INFO [hotel-service,,] 23108 --- [restartedMain] DiscoveryClientOptionalArgsConfiguration : Eureka HTTP Client uses RestTemplate.
2021-05-03 10:30:40.815  WARN [hotel-service,,] 23108 --- [restartedMain] iguration$LoadBalancerCaffeineWarnLogger : Spring Cloud LoadBalancer is currently working with the default cache. You can switch to using Caffeine cache, by adding it and org.springframework.cache.caffeine.CaffeineCacheManager to the classpath.
2021-05-03 10:30:40.904  INFO [hotel-service,,] 23108 --- [restartedMain] o.s.c.n.eureka.InstanceInfoFactory       : Setting initial instance status as: STARTING
2021-05-03 10:30:40.909  INFO [hotel-service,,] 23108 --- [restartedMain] com.netflix.discovery.DiscoveryClient    : Initializing Eureka in region us-east-1
2021-05-03 10:30:40.909  INFO [hotel-service,,] 23108 --- [restartedMain] c.n.d.s.r.aws.ConfigClusterResolver      : Resolving eureka endpoints via configuration
2021-05-03 10:30:40.911  INFO [hotel-service,,] 23108 --- [restartedMain] com.netflix.discovery.DiscoveryClient    : Disable delta property : false
2021-05-03 10:30:40.912  INFO [hotel-service,,] 23108 --- [restartedMain] com.netflix.discovery.DiscoveryClient    : Single vip registry refresh property : null
2021-05-03 10:30:40.912  INFO [hotel-service,,] 23108 --- [restartedMain] com.netflix.discovery.DiscoveryClient    : Force full registry fetch : false
2021-05-03 10:30:40.912  INFO [hotel-service,,] 23108 --- [restartedMain] com.netflix.discovery.DiscoveryClient    : Application is null : false
2021-05-03 10:30:40.912  INFO [hotel-service,,] 23108 --- [restartedMain] com.netflix.discovery.DiscoveryClient    : Registered Applications size is zero : true
2021-05-03 10:30:40.912  INFO [hotel-service,,] 23108 --- [restartedMain] com.netflix.discovery.DiscoveryClient    : Application version is -1: true
2021-05-03 10:30:40.912  INFO [hotel-service,,] 23108 --- [restartedMain] com.netflix.discovery.DiscoveryClient    : Getting all instance registry info from the eureka server
2021-05-03 10:30:40.926  INFO [hotel-service,,] 23108 --- [restartedMain] com.netflix.discovery.DiscoveryClient    : The response status is 200
2021-05-03 10:30:40.927  INFO [hotel-service,,] 23108 --- [restartedMain] com.netflix.discovery.DiscoveryClient    : Starting heartbeat executor: renew interval is: 30
2021-05-03 10:30:40.927  INFO [hotel-service,,] 23108 --- [restartedMain] c.n.discovery.InstanceInfoReplicator     : InstanceInfoReplicator onDemand update allowed rate per min is 4
2021-05-03 10:30:40.928  INFO [hotel-service,,] 23108 --- [restartedMain] com.netflix.discovery.DiscoveryClient    : Discovery Client initialized at timestamp 1620018040928 with initial instances count: 0
2021-05-03 10:30:40.944  INFO [hotel-service,,] 23108 --- [restartedMain] o.s.c.n.e.s.EurekaServiceRegistry        : Registering application HOTEL-SERVICE with eureka with status UP
2021-05-03 10:30:40.944  INFO [hotel-service,,] 23108 --- [restartedMain] com.netflix.discovery.DiscoveryClient    : Saw local status change event StatusChangeEvent [timestamp=1620018040944, current=UP, previous=STARTING]
2021-05-03 10:30:40.944  INFO [hotel-service,,] 23108 --- [DiscoveryClient-InstanceInfoReplicator-0] com.netflix.discovery.DiscoveryClient    : DiscoveryClient_HOTEL-SERVICE/localhost:hotel-service:8091: registering service...
2021-05-03 10:30:40.948  INFO [hotel-service,,] 23108 --- [restartedMain] o.s.b.w.embedded.tomcat.TomcatWebServer  : Tomcat started on port(s): 8091 (http) with context path ''
2021-05-03 10:30:40.950  INFO [hotel-service,,] 23108 --- [restartedMain] .s.c.n.e.s.EurekaAutoServiceRegistration : Updating port to 8091
2021-05-03 10:30:40.959  INFO [hotel-service,,] 23108 --- [DiscoveryClient-InstanceInfoReplicator-0] com.netflix.discovery.DiscoveryClient    : DiscoveryClient_HOTEL-SERVICE/localhost:hotel-service:8091 - registration status: 204
2021-05-03 10:30:42.102  INFO [hotel-service,,] 23108 --- [restartedMain] o.s.cloud.commons.util.InetUtils         : Cannot determine local hostname
2021-05-03 10:30:42.104  INFO [hotel-service,,] 23108 --- [restartedMain] d.s.w.p.DocumentationPluginsBootstrapper : Context refreshed
2021-05-03 10:30:42.107  INFO [hotel-service,,] 23108 --- [restartedMain] d.s.w.p.DocumentationPluginsBootstrapper : Found 1 custom documentation plugin(s)
2021-05-03 10:30:42.113  INFO [hotel-service,,] 23108 --- [restartedMain] s.d.s.w.s.ApiListingReferenceScanner     : Scanning for api listing references
2021-05-03 10:30:42.149  INFO [hotel-service,,] 23108 --- [restartedMain] .d.s.w.r.o.CachingOperationNameGenerator : Generating unique operation named: handleUsingGET_1
2021-05-03 10:30:42.150  INFO [hotel-service,,] 23108 --- [restartedMain] .d.s.w.r.o.CachingOperationNameGenerator : Generating unique operation named: handleUsingGET_2
2021-05-03 10:30:42.169  INFO [hotel-service,,] 23108 --- [restartedMain] c.koushik.hotel.HotelserviceApplication  : Started HotelserviceApplication in 8.521 seconds (JVM running for 196.052)
2021-05-03 10:30:42.172  INFO [hotel-service,,] 23108 --- [restartedMain] .ConditionEvaluationDeltaLoggingListener : Condition evaluation unchanged
2021-05-03 10:31:10.933  INFO [hotel-service,,] 23108 --- [DiscoveryClient-CacheRefreshExecutor-0] com.netflix.discovery.DiscoveryClient    : Disable delta property : false
2021-05-03 10:31:10.933  INFO [hotel-service,,] 23108 --- [DiscoveryClient-CacheRefreshExecutor-0] com.netflix.discovery.DiscoveryClient    : Single vip registry refresh property : null
2021-05-03 10:31:10.934  INFO [hotel-service,,] 23108 --- [DiscoveryClient-CacheRefreshExecutor-0] com.netflix.discovery.DiscoveryClient    : Force full registry fetch : false
2021-05-03 10:31:10.934  INFO [hotel-service,,] 23108 --- [DiscoveryClient-CacheRefreshExecutor-0] com.netflix.discovery.DiscoveryClient    : Application is null : false
2021-05-03 10:31:10.934  INFO [hotel-service,,] 23108 --- [DiscoveryClient-CacheRefreshExecutor-0] com.netflix.discovery.DiscoveryClient    : Registered Applications size is zero : true
2021-05-03 10:31:10.934  INFO [hotel-service,,] 23108 --- [DiscoveryClient-CacheRefreshExecutor-0] com.netflix.discovery.DiscoveryClient    : Application version is -1: false
2021-05-03 10:31:10.934  INFO [hotel-service,,] 23108 --- [DiscoveryClient-CacheRefreshExecutor-0] com.netflix.discovery.DiscoveryClient    : Getting all instance registry info from the eureka server
2021-05-03 10:31:10.953  INFO [hotel-service,,] 23108 --- [DiscoveryClient-CacheRefreshExecutor-0] com.netflix.discovery.DiscoveryClient    : The response status is 200
2021-05-03 10:31:31.566  INFO [hotel-service,,] 23108 --- [RMI TCP Connection(7)-127.0.0.1] o.a.c.c.C.[Tomcat-1].[localhost].[/]     : Initializing Spring DispatcherServlet 'dispatcherServlet'
2021-05-03 10:31:31.566  INFO [hotel-service,,] 23108 --- [RMI TCP Connection(7)-127.0.0.1] o.s.web.servlet.DispatcherServlet        : Initializing Servlet 'dispatcherServlet'
2021-05-03 10:31:31.568  INFO [hotel-service,,] 23108 --- [RMI TCP Connection(7)-127.0.0.1] o.s.web.servlet.DispatcherServlet        : Completed initialization in 2 ms
2021-05-03 10:34:29.316  INFO [hotel-service,,] 23108 --- [RMI TCP Connection(10)-127.0.0.1] inMXBeanRegistrar$SpringApplicationAdmin : Application shutdown requested.
2021-05-03 10:34:29.318  INFO [hotel-service,,] 23108 --- [RMI TCP Connection(10)-127.0.0.1] o.s.c.n.e.s.EurekaServiceRegistry        : Unregistering application HOTEL-SERVICE with eureka with status DOWN
2021-05-03 10:34:29.318  INFO [hotel-service,,] 23108 --- [RMI TCP Connection(10)-127.0.0.1] com.netflix.discovery.DiscoveryClient    : Saw local status change event StatusChangeEvent [timestamp=1620018269318, current=DOWN, previous=UP]
2021-05-03 10:34:29.319  INFO [hotel-service,,] 23108 --- [DiscoveryClient-InstanceInfoReplicator-0] com.netflix.discovery.DiscoveryClient    : DiscoveryClient_HOTEL-SERVICE/localhost:hotel-service:8091: registering service...
2021-05-03 10:34:29.339  INFO [hotel-service,,] 23108 --- [DiscoveryClient-InstanceInfoReplicator-0] com.netflix.discovery.DiscoveryClient    : DiscoveryClient_HOTEL-SERVICE/localhost:hotel-service:8091 - registration status: 204
2021-05-03 10:34:29.438  INFO [hotel-service,,] 23108 --- [RMI TCP Connection(10)-127.0.0.1] o.s.s.concurrent.ThreadPoolTaskExecutor  : Shutting down ExecutorService 'applicationTaskExecutor'
2021-05-03 10:34:29.440  INFO [hotel-service,,] 23108 --- [RMI TCP Connection(10)-127.0.0.1] j.LocalContainerEntityManagerFactoryBean : Closing JPA EntityManagerFactory for persistence unit 'default'
2021-05-03 10:34:29.442  INFO [hotel-service,,] 23108 --- [RMI TCP Connection(10)-127.0.0.1] com.zaxxer.hikari.HikariDataSource       : HikariPool-2 - Shutdown initiated...
2021-05-03 10:34:29.448  INFO [hotel-service,,] 23108 --- [RMI TCP Connection(10)-127.0.0.1] com.zaxxer.hikari.HikariDataSource       : HikariPool-2 - Shutdown completed.
2021-05-03 10:34:30.468  INFO [hotel-service,,] 23108 --- [RMI TCP Connection(10)-127.0.0.1] com.netflix.discovery.DiscoveryClient    : Shutting down DiscoveryClient ...
2021-05-03 10:34:33.483  INFO [hotel-service,,] 23108 --- [RMI TCP Connection(10)-127.0.0.1] com.netflix.discovery.DiscoveryClient    : Unregistering ...
2021-05-03 10:34:33.502  INFO [hotel-service,,] 23108 --- [RMI TCP Connection(10)-127.0.0.1] com.netflix.discovery.DiscoveryClient    : DiscoveryClient_HOTEL-SERVICE/localhost:hotel-service:8091 - deregister  status: 200
2021-05-03 10:34:33.506  INFO [hotel-service,,] 23108 --- [RMI TCP Connection(10)-127.0.0.1] com.netflix.discovery.DiscoveryClient    : Completed shut down of DiscoveryClient
